2023-02-27 18:24:17,395 DEBUG [background-preinit][LoggerProviders.java:152] - Logging Provider: org.jboss.logging.Log4j2LoggerProvider
2023-02-27 18:24:17,395 DEBUG [background-preinit][LoggerProviders.java:152] - Logging Provider: org.jboss.logging.Log4j2LoggerProvider
2023-02-27 18:24:17,404 INFO [background-preinit][Version.java:21] - HV000001: Hibernate Validator 6.1.7.Final
2023-02-27 18:24:17,404 INFO [background-preinit][Version.java:21] - HV000001: Hibernate Validator 6.1.7.Final
2023-02-27 18:24:17,410 DEBUG [background-preinit][ValidationXmlParser.java:120] - Trying to load META-INF/validation.xml for XML based Validator configuration.
2023-02-27 18:24:17,410 DEBUG [background-preinit][ValidationXmlParser.java:120] - Trying to load META-INF/validation.xml for XML based Validator configuration.
2023-02-27 18:24:17,412 DEBUG [background-preinit][ResourceLoaderHelper.java:60] - Trying to load META-INF/validation.xml via TCCL
2023-02-27 18:24:17,412 DEBUG [background-preinit][ResourceLoaderHelper.java:60] - Trying to load META-INF/validation.xml via TCCL
2023-02-27 18:24:17,412 DEBUG [background-preinit][ResourceLoaderHelper.java:66] - Trying to load META-INF/validation.xml via Hibernate Validator's class loader
2023-02-27 18:24:17,412 DEBUG [background-preinit][ResourceLoaderHelper.java:66] - Trying to load META-INF/validation.xml via Hibernate Validator's class loader
2023-02-27 18:24:17,413 DEBUG [background-preinit][ValidationXmlParser.java:127] - No META-INF/validation.xml found. Using annotation based configuration only.
2023-02-27 18:24:17,413 DEBUG [background-preinit][ValidationXmlParser.java:127] - No META-INF/validation.xml found. Using annotation based configuration only.
2023-02-27 18:24:17,417 DEBUG [background-preinit][TraversableResolvers.java:60] - Cannot find javax.persistence.Persistence on classpath. Assuming non JPA 2 environment. All properties will per default be traversable.
2023-02-27 18:24:17,417 DEBUG [background-preinit][TraversableResolvers.java:60] - Cannot find javax.persistence.Persistence on classpath. Assuming non JPA 2 environment. All properties will per default be traversable.
2023-02-27 18:24:17,431 INFO [main][StartupInfoLogger.java:55] - Starting XuechengPlusContentServiceApplicationTests on Mxk-XiaoXinPro14 with PID 12832 (started by MXK in D:\JavaLearning\xuecheng_online\xuecheng-plus\xuecheng-plus-content\xuecheng-plus-content-service)
2023-02-27 18:24:17,431 INFO [main][StartupInfoLogger.java:55] - Starting XuechengPlusContentServiceApplicationTests on Mxk-XiaoXinPro14 with PID 12832 (started by MXK in D:\JavaLearning\xuecheng_online\xuecheng-plus\xuecheng-plus-content\xuecheng-plus-content-service)
2023-02-27 18:24:17,432 DEBUG [main][StartupInfoLogger.java:56] - Running with Spring Boot v2.3.12.RELEASE, Spring v5.2.12.RELEASE
2023-02-27 18:24:17,432 DEBUG [main][StartupInfoLogger.java:56] - Running with Spring Boot v2.3.12.RELEASE, Spring v5.2.12.RELEASE
2023-02-27 18:24:17,434 INFO [main][SpringApplication.java:648] - No active profile set, falling back to default profiles: default
2023-02-27 18:24:17,434 INFO [main][SpringApplication.java:648] - No active profile set, falling back to default profiles: default
2023-02-27 18:24:17,443 DEBUG [background-preinit][ResourceBundleMessageInterpolator.java:172] - Loaded expression factory via original TCCL
2023-02-27 18:24:17,443 DEBUG [background-preinit][ResourceBundleMessageInterpolator.java:172] - Loaded expression factory via original TCCL
2023-02-27 18:24:17,557 DEBUG [background-preinit][ValidatorFactoryConfigurationHelper.java:300] - HV000252: Using org.hibernate.validator.internal.engine.DefaultPropertyNodeNameProvider as property node name provider.
2023-02-27 18:24:17,557 DEBUG [background-preinit][ValidatorFactoryConfigurationHelper.java:300] - HV000252: Using org.hibernate.validator.internal.engine.DefaultPropertyNodeNameProvider as property node name provider.
2023-02-27 18:24:17,564 DEBUG [background-preinit][ValidatorFactoryConfigurationHelper.java:375] - HV000234: Using org.hibernate.validator.messageinterpolation.ResourceBundleMessageInterpolator as ValidatorFactory-scoped message interpolator.
2023-02-27 18:24:17,564 DEBUG [background-preinit][ValidatorFactoryConfigurationHelper.java:375] - HV000234: Using org.hibernate.validator.messageinterpolation.ResourceBundleMessageInterpolator as ValidatorFactory-scoped message interpolator.
2023-02-27 18:24:17,564 DEBUG [background-preinit][ValidatorFactoryConfigurationHelper.java:376] - HV000234: Using org.hibernate.validator.internal.engine.resolver.TraverseAllTraversableResolver as ValidatorFactory-scoped traversable resolver.
2023-02-27 18:24:17,564 DEBUG [background-preinit][ValidatorFactoryConfigurationHelper.java:376] - HV000234: Using org.hibernate.validator.internal.engine.resolver.TraverseAllTraversableResolver as ValidatorFactory-scoped traversable resolver.
2023-02-27 18:24:17,564 DEBUG [background-preinit][ValidatorFactoryConfigurationHelper.java:377] - HV000234: Using org.hibernate.validator.internal.util.ExecutableParameterNameProvider as ValidatorFactory-scoped parameter name provider.
2023-02-27 18:24:17,564 DEBUG [background-preinit][ValidatorFactoryConfigurationHelper.java:377] - HV000234: Using org.hibernate.validator.internal.util.ExecutableParameterNameProvider as ValidatorFactory-scoped parameter name provider.
2023-02-27 18:24:17,565 DEBUG [background-preinit][ValidatorFactoryConfigurationHelper.java:378] - HV000234: Using org.hibernate.validator.internal.engine.DefaultClockProvider as ValidatorFactory-scoped clock provider.
2023-02-27 18:24:17,565 DEBUG [background-preinit][ValidatorFactoryConfigurationHelper.java:378] - HV000234: Using org.hibernate.validator.internal.engine.DefaultClockProvider as ValidatorFactory-scoped clock provider.
2023-02-27 18:24:17,565 DEBUG [background-preinit][ValidatorFactoryConfigurationHelper.java:379] - HV000234: Using org.hibernate.validator.internal.engine.scripting.DefaultScriptEvaluatorFactory as ValidatorFactory-scoped script evaluator factory.
2023-02-27 18:24:17,565 DEBUG [background-preinit][ValidatorFactoryConfigurationHelper.java:379] - HV000234: Using org.hibernate.validator.internal.engine.scripting.DefaultScriptEvaluatorFactory as ValidatorFactory-scoped script evaluator factory.
2023-02-27 18:24:17,814 DEBUG [main][LogFactory.java:105] - Logging initialized using 'class org.apache.ibatis.logging.slf4j.Slf4jImpl' adapter.
2023-02-27 18:24:17,814 DEBUG [main][LogFactory.java:105] - Logging initialized using 'class org.apache.ibatis.logging.slf4j.Slf4jImpl' adapter.
2023-02-27 18:24:18,120 DEBUG [main][HikariConfig.java:946] - Driver class com.mysql.cj.jdbc.Driver found in Thread context class loader sun.misc.Launcher$AppClassLoader@18b4aac2
2023-02-27 18:24:18,120 DEBUG [main][HikariConfig.java:946] - Driver class com.mysql.cj.jdbc.Driver found in Thread context class loader sun.misc.Launcher$AppClassLoader@18b4aac2
2023-02-27 18:24:18,196 DEBUG [main][Logger.java:49] - Registered plugin: 'com.baomidou.mybatisplus.extension.plugins.MybatisPlusInterceptor@3f362135'
2023-02-27 18:24:18,196 DEBUG [main][Logger.java:49] - Registered plugin: 'com.baomidou.mybatisplus.extension.plugins.MybatisPlusInterceptor@3f362135'
2023-02-27 18:24:18,197 DEBUG [main][Logger.java:49] - Property 'mapperLocations' was not specified.
2023-02-27 18:24:18,197 DEBUG [main][Logger.java:49] - Property 'mapperLocations' was not specified.
2023-02-27 18:24:18,843 DEBUG [main][MybatisConfiguration.java:128] - addMappedStatement: com.xuecheng.content.mapper.CourseBaseMapper.insert
2023-02-27 18:24:18,843 DEBUG [main][MybatisConfiguration.java:128] - addMappedStatement: com.xuecheng.content.mapper.CourseBaseMapper.insert
2023-02-27 18:24:18,849 DEBUG [main][MybatisConfiguration.java:128] - addMappedStatement: com.xuecheng.content.mapper.CourseBaseMapper.delete
2023-02-27 18:24:18,849 DEBUG [main][MybatisConfiguration.java:128] - addMappedStatement: com.xuecheng.content.mapper.CourseBaseMapper.delete
2023-02-27 18:24:18,852 DEBUG [main][MybatisConfiguration.java:128] - addMappedStatement: com.xuecheng.content.mapper.CourseBaseMapper.deleteByMap
2023-02-27 18:24:18,852 DEBUG [main][MybatisConfiguration.java:128] - addMappedStatement: com.xuecheng.content.mapper.CourseBaseMapper.deleteByMap
2023-02-27 18:24:18,876 DEBUG [main][MybatisConfiguration.java:128] - addMappedStatement: com.xuecheng.content.mapper.CourseBaseMapper.deleteById
2023-02-27 18:24:18,876 DEBUG [main][MybatisConfiguration.java:128] - addMappedStatement: com.xuecheng.content.mapper.CourseBaseMapper.deleteById
2023-02-27 18:24:18,878 DEBUG [main][MybatisConfiguration.java:128] - addMappedStatement: com.xuecheng.content.mapper.CourseBaseMapper.deleteBatchIds
2023-02-27 18:24:18,878 DEBUG [main][MybatisConfiguration.java:128] - addMappedStatement: com.xuecheng.content.mapper.CourseBaseMapper.deleteBatchIds
2023-02-27 18:24:18,883 DEBUG [main][MybatisConfiguration.java:128] - addMappedStatement: com.xuecheng.content.mapper.CourseBaseMapper.update
2023-02-27 18:24:18,883 DEBUG [main][MybatisConfiguration.java:128] - addMappedStatement: com.xuecheng.content.mapper.CourseBaseMapper.update
2023-02-27 18:24:18,884 DEBUG [main][MybatisConfiguration.java:128] - addMappedStatement: com.xuecheng.content.mapper.CourseBaseMapper.updateById
2023-02-27 18:24:18,884 DEBUG [main][MybatisConfiguration.java:128] - addMappedStatement: com.xuecheng.content.mapper.CourseBaseMapper.updateById
2023-02-27 18:24:18,885 DEBUG [main][MybatisConfiguration.java:128] - addMappedStatement: com.xuecheng.content.mapper.CourseBaseMapper.selectById
2023-02-27 18:24:18,885 DEBUG [main][MybatisConfiguration.java:128] - addMappedStatement: com.xuecheng.content.mapper.CourseBaseMapper.selectById
2023-02-27 18:24:18,886 DEBUG [main][MybatisConfiguration.java:128] - addMappedStatement: com.xuecheng.content.mapper.CourseBaseMapper.selectBatchIds
2023-02-27 18:24:18,886 DEBUG [main][MybatisConfiguration.java:128] - addMappedStatement: com.xuecheng.content.mapper.CourseBaseMapper.selectBatchIds
2023-02-27 18:24:18,887 DEBUG [main][MybatisConfiguration.java:128] - addMappedStatement: com.xuecheng.content.mapper.CourseBaseMapper.selectByMap
2023-02-27 18:24:18,887 DEBUG [main][MybatisConfiguration.java:128] - addMappedStatement: com.xuecheng.content.mapper.CourseBaseMapper.selectByMap
2023-02-27 18:24:18,890 DEBUG [main][MybatisConfiguration.java:128] - addMappedStatement: com.xuecheng.content.mapper.CourseBaseMapper.selectOne
2023-02-27 18:24:18,890 DEBUG [main][MybatisConfiguration.java:128] - addMappedStatement: com.xuecheng.content.mapper.CourseBaseMapper.selectOne
2023-02-27 18:24:18,892 DEBUG [main][MybatisConfiguration.java:128] - addMappedStatement: com.xuecheng.content.mapper.CourseBaseMapper.selectCount
2023-02-27 18:24:18,892 DEBUG [main][MybatisConfiguration.java:128] - addMappedStatement: com.xuecheng.content.mapper.CourseBaseMapper.selectCount
2023-02-27 18:24:18,895 DEBUG [main][MybatisConfiguration.java:128] - addMappedStatement: com.xuecheng.content.mapper.CourseBaseMapper.selectMaps
2023-02-27 18:24:18,895 DEBUG [main][MybatisConfiguration.java:128] - addMappedStatement: com.xuecheng.content.mapper.CourseBaseMapper.selectMaps
2023-02-27 18:24:18,897 DEBUG [main][MybatisConfiguration.java:128] - addMappedStatement: com.xuecheng.content.mapper.CourseBaseMapper.selectMapsPage
2023-02-27 18:24:18,897 DEBUG [main][MybatisConfiguration.java:128] - addMappedStatement: com.xuecheng.content.mapper.CourseBaseMapper.selectMapsPage
2023-02-27 18:24:18,899 DEBUG [main][MybatisConfiguration.java:128] - addMappedStatement: com.xuecheng.content.mapper.CourseBaseMapper.selectObjs
2023-02-27 18:24:18,899 DEBUG [main][MybatisConfiguration.java:128] - addMappedStatement: com.xuecheng.content.mapper.CourseBaseMapper.selectObjs
2023-02-27 18:24:18,901 DEBUG [main][MybatisConfiguration.java:128] - addMappedStatement: com.xuecheng.content.mapper.CourseBaseMapper.selectList
2023-02-27 18:24:18,901 DEBUG [main][MybatisConfiguration.java:128] - addMappedStatement: com.xuecheng.content.mapper.CourseBaseMapper.selectList
2023-02-27 18:24:18,903 DEBUG [main][MybatisConfiguration.java:128] - addMappedStatement: com.xuecheng.content.mapper.CourseBaseMapper.selectPage
2023-02-27 18:24:18,903 DEBUG [main][MybatisConfiguration.java:128] - addMappedStatement: com.xuecheng.content.mapper.CourseBaseMapper.selectPage
2023-02-27 18:24:18,953 DEBUG [main][ResourceBundleMessageInterpolator.java:172] - Loaded expression factory via original TCCL
2023-02-27 18:24:18,953 DEBUG [main][ResourceBundleMessageInterpolator.java:172] - Loaded expression factory via original TCCL
2023-02-27 18:24:18,961 DEBUG [main][AbstractConfigurationImpl.java:171] - Setting custom MessageInterpolator of type org.springframework.validation.beanvalidation.LocaleContextMessageInterpolator
2023-02-27 18:24:18,961 DEBUG [main][AbstractConfigurationImpl.java:171] - Setting custom MessageInterpolator of type org.springframework.validation.beanvalidation.LocaleContextMessageInterpolator
2023-02-27 18:24:18,961 DEBUG [main][AbstractConfigurationImpl.java:203] - Setting custom ConstraintValidatorFactory of type org.springframework.validation.beanvalidation.SpringConstraintValidatorFactory
2023-02-27 18:24:18,961 DEBUG [main][AbstractConfigurationImpl.java:203] - Setting custom ConstraintValidatorFactory of type org.springframework.validation.beanvalidation.SpringConstraintValidatorFactory
2023-02-27 18:24:18,961 DEBUG [main][AbstractConfigurationImpl.java:217] - Setting custom ParameterNameProvider of type org.springframework.validation.beanvalidation.LocalValidatorFactoryBean$1
2023-02-27 18:24:18,961 DEBUG [main][AbstractConfigurationImpl.java:217] - Setting custom ParameterNameProvider of type org.springframework.validation.beanvalidation.LocalValidatorFactoryBean$1
2023-02-27 18:24:18,962 DEBUG [main][ValidationXmlParser.java:120] - Trying to load META-INF/validation.xml for XML based Validator configuration.
2023-02-27 18:24:18,962 DEBUG [main][ValidationXmlParser.java:120] - Trying to load META-INF/validation.xml for XML based Validator configuration.
2023-02-27 18:24:18,963 DEBUG [main][ResourceLoaderHelper.java:53] - Trying to load META-INF/validation.xml via user class loader
2023-02-27 18:24:18,963 DEBUG [main][ResourceLoaderHelper.java:53] - Trying to load META-INF/validation.xml via user class loader
2023-02-27 18:24:18,963 DEBUG [main][ResourceLoaderHelper.java:60] - Trying to load META-INF/validation.xml via TCCL
2023-02-27 18:24:18,963 DEBUG [main][ResourceLoaderHelper.java:60] - Trying to load META-INF/validation.xml via TCCL
2023-02-27 18:24:18,964 DEBUG [main][ResourceLoaderHelper.java:66] - Trying to load META-INF/validation.xml via Hibernate Validator's class loader
2023-02-27 18:24:18,964 DEBUG [main][ResourceLoaderHelper.java:66] - Trying to load META-INF/validation.xml via Hibernate Validator's class loader
2023-02-27 18:24:18,964 DEBUG [main][ValidationXmlParser.java:127] - No META-INF/validation.xml found. Using annotation based configuration only.
2023-02-27 18:24:18,964 DEBUG [main][ValidationXmlParser.java:127] - No META-INF/validation.xml found. Using annotation based configuration only.
2023-02-27 18:24:18,964 DEBUG [main][TraversableResolvers.java:60] - Cannot find javax.persistence.Persistence on classpath. Assuming non JPA 2 environment. All properties will per default be traversable.
2023-02-27 18:24:18,964 DEBUG [main][TraversableResolvers.java:60] - Cannot find javax.persistence.Persistence on classpath. Assuming non JPA 2 environment. All properties will per default be traversable.
2023-02-27 18:24:18,967 DEBUG [main][ValidatorFactoryConfigurationHelper.java:300] - HV000252: Using org.hibernate.validator.internal.engine.DefaultPropertyNodeNameProvider as property node name provider.
2023-02-27 18:24:18,967 DEBUG [main][ValidatorFactoryConfigurationHelper.java:300] - HV000252: Using org.hibernate.validator.internal.engine.DefaultPropertyNodeNameProvider as property node name provider.
2023-02-27 18:24:18,968 DEBUG [main][ValidatorFactoryConfigurationHelper.java:375] - HV000234: Using org.springframework.validation.beanvalidation.LocaleContextMessageInterpolator as ValidatorFactory-scoped message interpolator.
2023-02-27 18:24:18,968 DEBUG [main][ValidatorFactoryConfigurationHelper.java:375] - HV000234: Using org.springframework.validation.beanvalidation.LocaleContextMessageInterpolator as ValidatorFactory-scoped message interpolator.
2023-02-27 18:24:18,968 DEBUG [main][ValidatorFactoryConfigurationHelper.java:376] - HV000234: Using org.hibernate.validator.internal.engine.resolver.TraverseAllTraversableResolver as ValidatorFactory-scoped traversable resolver.
2023-02-27 18:24:18,968 DEBUG [main][ValidatorFactoryConfigurationHelper.java:376] - HV000234: Using org.hibernate.validator.internal.engine.resolver.TraverseAllTraversableResolver as ValidatorFactory-scoped traversable resolver.
2023-02-27 18:24:18,969 DEBUG [main][ValidatorFactoryConfigurationHelper.java:377] - HV000234: Using org.hibernate.validator.internal.util.ExecutableParameterNameProvider as ValidatorFactory-scoped parameter name provider.
2023-02-27 18:24:18,969 DEBUG [main][ValidatorFactoryConfigurationHelper.java:377] - HV000234: Using org.hibernate.validator.internal.util.ExecutableParameterNameProvider as ValidatorFactory-scoped parameter name provider.
2023-02-27 18:24:18,969 DEBUG [main][ValidatorFactoryConfigurationHelper.java:378] - HV000234: Using org.hibernate.validator.internal.engine.DefaultClockProvider as ValidatorFactory-scoped clock provider.
2023-02-27 18:24:18,969 DEBUG [main][ValidatorFactoryConfigurationHelper.java:378] - HV000234: Using org.hibernate.validator.internal.engine.DefaultClockProvider as ValidatorFactory-scoped clock provider.
2023-02-27 18:24:18,969 DEBUG [main][ValidatorFactoryConfigurationHelper.java:379] - HV000234: Using org.hibernate.validator.internal.engine.scripting.DefaultScriptEvaluatorFactory as ValidatorFactory-scoped script evaluator factory.
2023-02-27 18:24:18,969 DEBUG [main][ValidatorFactoryConfigurationHelper.java:379] - HV000234: Using org.hibernate.validator.internal.engine.scripting.DefaultScriptEvaluatorFactory as ValidatorFactory-scoped script evaluator factory.
2023-02-27 18:24:19,234 DEBUG [main][MybatisConfiguration.java:128] - addMappedStatement: com.xuecheng.content.mapper.CourseMarketMapper.insert
2023-02-27 18:24:19,234 DEBUG [main][MybatisConfiguration.java:128] - addMappedStatement: com.xuecheng.content.mapper.CourseMarketMapper.insert
2023-02-27 18:24:19,238 DEBUG [main][MybatisConfiguration.java:128] - addMappedStatement: com.xuecheng.content.mapper.CourseMarketMapper.delete
2023-02-27 18:24:19,238 DEBUG [main][MybatisConfiguration.java:128] - addMappedStatement: com.xuecheng.content.mapper.CourseMarketMapper.delete
2023-02-27 18:24:19,241 DEBUG [main][MybatisConfiguration.java:128] - addMappedStatement: com.xuecheng.content.mapper.CourseMarketMapper.deleteByMap
2023-02-27 18:24:19,241 DEBUG [main][MybatisConfiguration.java:128] - addMappedStatement: com.xuecheng.content.mapper.CourseMarketMapper.deleteByMap
2023-02-27 18:24:19,244 DEBUG [main][MybatisConfiguration.java:128] - addMappedStatement: com.xuecheng.content.mapper.CourseMarketMapper.deleteById
2023-02-27 18:24:19,244 DEBUG [main][MybatisConfiguration.java:128] - addMappedStatement: com.xuecheng.content.mapper.CourseMarketMapper.deleteById
2023-02-27 18:24:19,245 DEBUG [main][MybatisConfiguration.java:128] - addMappedStatement: com.xuecheng.content.mapper.CourseMarketMapper.deleteBatchIds
2023-02-27 18:24:19,245 DEBUG [main][MybatisConfiguration.java:128] - addMappedStatement: com.xuecheng.content.mapper.CourseMarketMapper.deleteBatchIds
2023-02-27 18:24:19,247 DEBUG [main][MybatisConfiguration.java:128] - addMappedStatement: com.xuecheng.content.mapper.CourseMarketMapper.update
2023-02-27 18:24:19,247 DEBUG [main][MybatisConfiguration.java:128] - addMappedStatement: com.xuecheng.content.mapper.CourseMarketMapper.update
2023-02-27 18:24:19,250 DEBUG [main][MybatisConfiguration.java:128] - addMappedStatement: com.xuecheng.content.mapper.CourseMarketMapper.updateById
2023-02-27 18:24:19,250 DEBUG [main][MybatisConfiguration.java:128] - addMappedStatement: com.xuecheng.content.mapper.CourseMarketMapper.updateById
2023-02-27 18:24:19,251 DEBUG [main][MybatisConfiguration.java:128] - addMappedStatement: com.xuecheng.content.mapper.CourseMarketMapper.selectById
2023-02-27 18:24:19,251 DEBUG [main][MybatisConfiguration.java:128] - addMappedStatement: com.xuecheng.content.mapper.CourseMarketMapper.selectById
2023-02-27 18:24:19,253 DEBUG [main][MybatisConfiguration.java:128] - addMappedStatement: com.xuecheng.content.mapper.CourseMarketMapper.selectBatchIds
2023-02-27 18:24:19,253 DEBUG [main][MybatisConfiguration.java:128] - addMappedStatement: com.xuecheng.content.mapper.CourseMarketMapper.selectBatchIds
2023-02-27 18:24:19,256 DEBUG [main][MybatisConfiguration.java:128] - addMappedStatement: com.xuecheng.content.mapper.CourseMarketMapper.selectByMap
2023-02-27 18:24:19,256 DEBUG [main][MybatisConfiguration.java:128] - addMappedStatement: com.xuecheng.content.mapper.CourseMarketMapper.selectByMap
2023-02-27 18:24:19,259 DEBUG [main][MybatisConfiguration.java:128] - addMappedStatement: com.xuecheng.content.mapper.CourseMarketMapper.selectOne
2023-02-27 18:24:19,259 DEBUG [main][MybatisConfiguration.java:128] - addMappedStatement: com.xuecheng.content.mapper.CourseMarketMapper.selectOne
2023-02-27 18:24:19,260 DEBUG [main][MybatisConfiguration.java:128] - addMappedStatement: com.xuecheng.content.mapper.CourseMarketMapper.selectCount
2023-02-27 18:24:19,260 DEBUG [main][MybatisConfiguration.java:128] - addMappedStatement: com.xuecheng.content.mapper.CourseMarketMapper.selectCount
2023-02-27 18:24:19,262 DEBUG [main][MybatisConfiguration.java:128] - addMappedStatement: com.xuecheng.content.mapper.CourseMarketMapper.selectMaps
2023-02-27 18:24:19,262 DEBUG [main][MybatisConfiguration.java:128] - addMappedStatement: com.xuecheng.content.mapper.CourseMarketMapper.selectMaps
2023-02-27 18:24:19,265 DEBUG [main][MybatisConfiguration.java:128] - addMappedStatement: com.xuecheng.content.mapper.CourseMarketMapper.selectMapsPage
2023-02-27 18:24:19,265 DEBUG [main][MybatisConfiguration.java:128] - addMappedStatement: com.xuecheng.content.mapper.CourseMarketMapper.selectMapsPage
2023-02-27 18:24:19,268 DEBUG [main][MybatisConfiguration.java:128] - addMappedStatement: com.xuecheng.content.mapper.CourseMarketMapper.selectObjs
2023-02-27 18:24:19,268 DEBUG [main][MybatisConfiguration.java:128] - addMappedStatement: com.xuecheng.content.mapper.CourseMarketMapper.selectObjs
2023-02-27 18:24:19,271 DEBUG [main][MybatisConfiguration.java:128] - addMappedStatement: com.xuecheng.content.mapper.CourseMarketMapper.selectList
2023-02-27 18:24:19,271 DEBUG [main][MybatisConfiguration.java:128] - addMappedStatement: com.xuecheng.content.mapper.CourseMarketMapper.selectList
2023-02-27 18:24:19,273 DEBUG [main][MybatisConfiguration.java:128] - addMappedStatement: com.xuecheng.content.mapper.CourseMarketMapper.selectPage
2023-02-27 18:24:19,273 DEBUG [main][MybatisConfiguration.java:128] - addMappedStatement: com.xuecheng.content.mapper.CourseMarketMapper.selectPage
2023-02-27 18:24:19,286 DEBUG [main][MybatisConfiguration.java:128] - addMappedStatement: com.xuecheng.content.mapper.CourseTeacherMapper.insert
2023-02-27 18:24:19,286 DEBUG [main][MybatisConfiguration.java:128] - addMappedStatement: com.xuecheng.content.mapper.CourseTeacherMapper.insert
2023-02-27 18:24:19,289 DEBUG [main][MybatisConfiguration.java:128] - addMappedStatement: com.xuecheng.content.mapper.CourseTeacherMapper.delete
2023-02-27 18:24:19,289 DEBUG [main][MybatisConfiguration.java:128] - addMappedStatement: com.xuecheng.content.mapper.CourseTeacherMapper.delete
2023-02-27 18:24:19,291 DEBUG [main][MybatisConfiguration.java:128] - addMappedStatement: com.xuecheng.content.mapper.CourseTeacherMapper.deleteByMap
2023-02-27 18:24:19,291 DEBUG [main][MybatisConfiguration.java:128] - addMappedStatement: com.xuecheng.content.mapper.CourseTeacherMapper.deleteByMap
2023-02-27 18:24:19,293 DEBUG [main][MybatisConfiguration.java:128] - addMappedStatement: com.xuecheng.content.mapper.CourseTeacherMapper.deleteById
2023-02-27 18:24:19,293 DEBUG [main][MybatisConfiguration.java:128] - addMappedStatement: com.xuecheng.content.mapper.CourseTeacherMapper.deleteById
2023-02-27 18:24:19,295 DEBUG [main][MybatisConfiguration.java:128] - addMappedStatement: com.xuecheng.content.mapper.CourseTeacherMapper.deleteBatchIds
2023-02-27 18:24:19,295 DEBUG [main][MybatisConfiguration.java:128] - addMappedStatement: com.xuecheng.content.mapper.CourseTeacherMapper.deleteBatchIds
2023-02-27 18:24:19,297 DEBUG [main][MybatisConfiguration.java:128] - addMappedStatement: com.xuecheng.content.mapper.CourseTeacherMapper.update
2023-02-27 18:24:19,297 DEBUG [main][MybatisConfiguration.java:128] - addMappedStatement: com.xuecheng.content.mapper.CourseTeacherMapper.update
2023-02-27 18:24:19,299 DEBUG [main][MybatisConfiguration.java:128] - addMappedStatement: com.xuecheng.content.mapper.CourseTeacherMapper.updateById
2023-02-27 18:24:19,299 DEBUG [main][MybatisConfiguration.java:128] - addMappedStatement: com.xuecheng.content.mapper.CourseTeacherMapper.updateById
2023-02-27 18:24:19,300 DEBUG [main][MybatisConfiguration.java:128] - addMappedStatement: com.xuecheng.content.mapper.CourseTeacherMapper.selectById
2023-02-27 18:24:19,300 DEBUG [main][MybatisConfiguration.java:128] - addMappedStatement: com.xuecheng.content.mapper.CourseTeacherMapper.selectById
2023-02-27 18:24:19,301 DEBUG [main][MybatisConfiguration.java:128] - addMappedStatement: com.xuecheng.content.mapper.CourseTeacherMapper.selectBatchIds
2023-02-27 18:24:19,301 DEBUG [main][MybatisConfiguration.java:128] - addMappedStatement: com.xuecheng.content.mapper.CourseTeacherMapper.selectBatchIds
2023-02-27 18:24:19,303 DEBUG [main][MybatisConfiguration.java:128] - addMappedStatement: com.xuecheng.content.mapper.CourseTeacherMapper.selectByMap
2023-02-27 18:24:19,303 DEBUG [main][MybatisConfiguration.java:128] - addMappedStatement: com.xuecheng.content.mapper.CourseTeacherMapper.selectByMap
2023-02-27 18:24:19,304 DEBUG [main][MybatisConfiguration.java:128] - addMappedStatement: com.xuecheng.content.mapper.CourseTeacherMapper.selectOne
2023-02-27 18:24:19,304 DEBUG [main][MybatisConfiguration.java:128] - addMappedStatement: com.xuecheng.content.mapper.CourseTeacherMapper.selectOne
2023-02-27 18:24:19,306 DEBUG [main][MybatisConfiguration.java:128] - addMappedStatement: com.xuecheng.content.mapper.CourseTeacherMapper.selectCount
2023-02-27 18:24:19,306 DEBUG [main][MybatisConfiguration.java:128] - addMappedStatement: com.xuecheng.content.mapper.CourseTeacherMapper.selectCount
2023-02-27 18:24:19,308 DEBUG [main][MybatisConfiguration.java:128] - addMappedStatement: com.xuecheng.content.mapper.CourseTeacherMapper.selectMaps
2023-02-27 18:24:19,308 DEBUG [main][MybatisConfiguration.java:128] - addMappedStatement: com.xuecheng.content.mapper.CourseTeacherMapper.selectMaps
2023-02-27 18:24:19,311 DEBUG [main][MybatisConfiguration.java:128] - addMappedStatement: com.xuecheng.content.mapper.CourseTeacherMapper.selectMapsPage
2023-02-27 18:24:19,311 DEBUG [main][MybatisConfiguration.java:128] - addMappedStatement: com.xuecheng.content.mapper.CourseTeacherMapper.selectMapsPage
2023-02-27 18:24:19,312 DEBUG [main][MybatisConfiguration.java:128] - addMappedStatement: com.xuecheng.content.mapper.CourseTeacherMapper.selectObjs
2023-02-27 18:24:19,312 DEBUG [main][MybatisConfiguration.java:128] - addMappedStatement: com.xuecheng.content.mapper.CourseTeacherMapper.selectObjs
2023-02-27 18:24:19,316 DEBUG [main][MybatisConfiguration.java:128] - addMappedStatement: com.xuecheng.content.mapper.CourseTeacherMapper.selectList
2023-02-27 18:24:19,316 DEBUG [main][MybatisConfiguration.java:128] - addMappedStatement: com.xuecheng.content.mapper.CourseTeacherMapper.selectList
2023-02-27 18:24:19,318 DEBUG [main][MybatisConfiguration.java:128] - addMappedStatement: com.xuecheng.content.mapper.CourseTeacherMapper.selectPage
2023-02-27 18:24:19,318 DEBUG [main][MybatisConfiguration.java:128] - addMappedStatement: com.xuecheng.content.mapper.CourseTeacherMapper.selectPage
2023-02-27 18:24:19,331 DEBUG [main][MybatisConfiguration.java:128] - addMappedStatement: com.xuecheng.content.mapper.TeachplanMapper.insert
2023-02-27 18:24:19,331 DEBUG [main][MybatisConfiguration.java:128] - addMappedStatement: com.xuecheng.content.mapper.TeachplanMapper.insert
2023-02-27 18:24:19,333 DEBUG [main][MybatisConfiguration.java:128] - addMappedStatement: com.xuecheng.content.mapper.TeachplanMapper.delete
2023-02-27 18:24:19,333 DEBUG [main][MybatisConfiguration.java:128] - addMappedStatement: com.xuecheng.content.mapper.TeachplanMapper.delete
2023-02-27 18:24:19,335 DEBUG [main][MybatisConfiguration.java:128] - addMappedStatement: com.xuecheng.content.mapper.TeachplanMapper.deleteByMap
2023-02-27 18:24:19,335 DEBUG [main][MybatisConfiguration.java:128] - addMappedStatement: com.xuecheng.content.mapper.TeachplanMapper.deleteByMap
2023-02-27 18:24:19,337 DEBUG [main][MybatisConfiguration.java:128] - addMappedStatement: com.xuecheng.content.mapper.TeachplanMapper.deleteById
2023-02-27 18:24:19,337 DEBUG [main][MybatisConfiguration.java:128] - addMappedStatement: com.xuecheng.content.mapper.TeachplanMapper.deleteById
2023-02-27 18:24:19,338 DEBUG [main][MybatisConfiguration.java:128] - addMappedStatement: com.xuecheng.content.mapper.TeachplanMapper.deleteBatchIds
2023-02-27 18:24:19,338 DEBUG [main][MybatisConfiguration.java:128] - addMappedStatement: com.xuecheng.content.mapper.TeachplanMapper.deleteBatchIds
2023-02-27 18:24:19,340 DEBUG [main][MybatisConfiguration.java:128] - addMappedStatement: com.xuecheng.content.mapper.TeachplanMapper.update
2023-02-27 18:24:19,340 DEBUG [main][MybatisConfiguration.java:128] - addMappedStatement: com.xuecheng.content.mapper.TeachplanMapper.update
2023-02-27 18:24:19,342 DEBUG [main][MybatisConfiguration.java:128] - addMappedStatement: com.xuecheng.content.mapper.TeachplanMapper.updateById
2023-02-27 18:24:19,342 DEBUG [main][MybatisConfiguration.java:128] - addMappedStatement: com.xuecheng.content.mapper.TeachplanMapper.updateById
2023-02-27 18:24:19,343 DEBUG [main][MybatisConfiguration.java:128] - addMappedStatement: com.xuecheng.content.mapper.TeachplanMapper.selectById
2023-02-27 18:24:19,343 DEBUG [main][MybatisConfiguration.java:128] - addMappedStatement: com.xuecheng.content.mapper.TeachplanMapper.selectById
2023-02-27 18:24:19,345 DEBUG [main][MybatisConfiguration.java:128] - addMappedStatement: com.xuecheng.content.mapper.TeachplanMapper.selectBatchIds
2023-02-27 18:24:19,345 DEBUG [main][MybatisConfiguration.java:128] - addMappedStatement: com.xuecheng.content.mapper.TeachplanMapper.selectBatchIds
2023-02-27 18:24:19,347 DEBUG [main][MybatisConfiguration.java:128] - addMappedStatement: com.xuecheng.content.mapper.TeachplanMapper.selectByMap
2023-02-27 18:24:19,347 DEBUG [main][MybatisConfiguration.java:128] - addMappedStatement: com.xuecheng.content.mapper.TeachplanMapper.selectByMap
2023-02-27 18:24:19,350 DEBUG [main][MybatisConfiguration.java:128] - addMappedStatement: com.xuecheng.content.mapper.TeachplanMapper.selectOne
2023-02-27 18:24:19,350 DEBUG [main][MybatisConfiguration.java:128] - addMappedStatement: com.xuecheng.content.mapper.TeachplanMapper.selectOne
2023-02-27 18:24:19,352 DEBUG [main][MybatisConfiguration.java:128] - addMappedStatement: com.xuecheng.content.mapper.TeachplanMapper.selectCount
2023-02-27 18:24:19,352 DEBUG [main][MybatisConfiguration.java:128] - addMappedStatement: com.xuecheng.content.mapper.TeachplanMapper.selectCount
2023-02-27 18:24:19,354 DEBUG [main][MybatisConfiguration.java:128] - addMappedStatement: com.xuecheng.content.mapper.TeachplanMapper.selectMaps
2023-02-27 18:24:19,354 DEBUG [main][MybatisConfiguration.java:128] - addMappedStatement: com.xuecheng.content.mapper.TeachplanMapper.selectMaps
2023-02-27 18:24:19,356 DEBUG [main][MybatisConfiguration.java:128] - addMappedStatement: com.xuecheng.content.mapper.TeachplanMapper.selectMapsPage
2023-02-27 18:24:19,356 DEBUG [main][MybatisConfiguration.java:128] - addMappedStatement: com.xuecheng.content.mapper.TeachplanMapper.selectMapsPage
2023-02-27 18:24:19,358 DEBUG [main][MybatisConfiguration.java:128] - addMappedStatement: com.xuecheng.content.mapper.TeachplanMapper.selectObjs
2023-02-27 18:24:19,358 DEBUG [main][MybatisConfiguration.java:128] - addMappedStatement: com.xuecheng.content.mapper.TeachplanMapper.selectObjs
2023-02-27 18:24:19,360 DEBUG [main][MybatisConfiguration.java:128] - addMappedStatement: com.xuecheng.content.mapper.TeachplanMapper.selectList
2023-02-27 18:24:19,360 DEBUG [main][MybatisConfiguration.java:128] - addMappedStatement: com.xuecheng.content.mapper.TeachplanMapper.selectList
2023-02-27 18:24:19,363 DEBUG [main][MybatisConfiguration.java:128] - addMappedStatement: com.xuecheng.content.mapper.TeachplanMapper.selectPage
2023-02-27 18:24:19,363 DEBUG [main][MybatisConfiguration.java:128] - addMappedStatement: com.xuecheng.content.mapper.TeachplanMapper.selectPage
2023-02-27 18:24:19,373 DEBUG [main][MybatisConfiguration.java:128] - addMappedStatement: com.xuecheng.content.mapper.TeachplanMediaMapper.insert
2023-02-27 18:24:19,373 DEBUG [main][MybatisConfiguration.java:128] - addMappedStatement: com.xuecheng.content.mapper.TeachplanMediaMapper.insert
2023-02-27 18:24:19,375 DEBUG [main][MybatisConfiguration.java:128] - addMappedStatement: com.xuecheng.content.mapper.TeachplanMediaMapper.delete
2023-02-27 18:24:19,375 DEBUG [main][MybatisConfiguration.java:128] - addMappedStatement: com.xuecheng.content.mapper.TeachplanMediaMapper.delete
2023-02-27 18:24:19,377 DEBUG [main][MybatisConfiguration.java:128] - addMappedStatement: com.xuecheng.content.mapper.TeachplanMediaMapper.deleteByMap
2023-02-27 18:24:19,377 DEBUG [main][MybatisConfiguration.java:128] - addMappedStatement: com.xuecheng.content.mapper.TeachplanMediaMapper.deleteByMap
2023-02-27 18:24:19,379 DEBUG [main][MybatisConfiguration.java:128] - addMappedStatement: com.xuecheng.content.mapper.TeachplanMediaMapper.deleteById
2023-02-27 18:24:19,379 DEBUG [main][MybatisConfiguration.java:128] - addMappedStatement: com.xuecheng.content.mapper.TeachplanMediaMapper.deleteById
2023-02-27 18:24:19,380 DEBUG [main][MybatisConfiguration.java:128] - addMappedStatement: com.xuecheng.content.mapper.TeachplanMediaMapper.deleteBatchIds
2023-02-27 18:24:19,380 DEBUG [main][MybatisConfiguration.java:128] - addMappedStatement: com.xuecheng.content.mapper.TeachplanMediaMapper.deleteBatchIds
2023-02-27 18:24:19,382 DEBUG [main][MybatisConfiguration.java:128] - addMappedStatement: com.xuecheng.content.mapper.TeachplanMediaMapper.update
2023-02-27 18:24:19,382 DEBUG [main][MybatisConfiguration.java:128] - addMappedStatement: com.xuecheng.content.mapper.TeachplanMediaMapper.update
2023-02-27 18:24:19,385 DEBUG [main][MybatisConfiguration.java:128] - addMappedStatement: com.xuecheng.content.mapper.TeachplanMediaMapper.updateById
2023-02-27 18:24:19,385 DEBUG [main][MybatisConfiguration.java:128] - addMappedStatement: com.xuecheng.content.mapper.TeachplanMediaMapper.updateById
2023-02-27 18:24:19,386 DEBUG [main][MybatisConfiguration.java:128] - addMappedStatement: com.xuecheng.content.mapper.TeachplanMediaMapper.selectById
2023-02-27 18:24:19,386 DEBUG [main][MybatisConfiguration.java:128] - addMappedStatement: com.xuecheng.content.mapper.TeachplanMediaMapper.selectById
2023-02-27 18:24:19,388 DEBUG [main][MybatisConfiguration.java:128] - addMappedStatement: com.xuecheng.content.mapper.TeachplanMediaMapper.selectBatchIds
2023-02-27 18:24:19,388 DEBUG [main][MybatisConfiguration.java:128] - addMappedStatement: com.xuecheng.content.mapper.TeachplanMediaMapper.selectBatchIds
2023-02-27 18:24:19,389 DEBUG [main][MybatisConfiguration.java:128] - addMappedStatement: com.xuecheng.content.mapper.TeachplanMediaMapper.selectByMap
2023-02-27 18:24:19,389 DEBUG [main][MybatisConfiguration.java:128] - addMappedStatement: com.xuecheng.content.mapper.TeachplanMediaMapper.selectByMap
2023-02-27 18:24:19,392 DEBUG [main][MybatisConfiguration.java:128] - addMappedStatement: com.xuecheng.content.mapper.TeachplanMediaMapper.selectOne
2023-02-27 18:24:19,392 DEBUG [main][MybatisConfiguration.java:128] - addMappedStatement: com.xuecheng.content.mapper.TeachplanMediaMapper.selectOne
2023-02-27 18:24:19,397 DEBUG [main][MybatisConfiguration.java:128] - addMappedStatement: com.xuecheng.content.mapper.TeachplanMediaMapper.selectCount
2023-02-27 18:24:19,397 DEBUG [main][MybatisConfiguration.java:128] - addMappedStatement: com.xuecheng.content.mapper.TeachplanMediaMapper.selectCount
2023-02-27 18:24:19,401 DEBUG [main][MybatisConfiguration.java:128] - addMappedStatement: com.xuecheng.content.mapper.TeachplanMediaMapper.selectMaps
2023-02-27 18:24:19,401 DEBUG [main][MybatisConfiguration.java:128] - addMappedStatement: com.xuecheng.content.mapper.TeachplanMediaMapper.selectMaps
2023-02-27 18:24:19,404 DEBUG [main][MybatisConfiguration.java:128] - addMappedStatement: com.xuecheng.content.mapper.TeachplanMediaMapper.selectMapsPage
2023-02-27 18:24:19,404 DEBUG [main][MybatisConfiguration.java:128] - addMappedStatement: com.xuecheng.content.mapper.TeachplanMediaMapper.selectMapsPage
2023-02-27 18:24:19,406 DEBUG [main][MybatisConfiguration.java:128] - addMappedStatement: com.xuecheng.content.mapper.TeachplanMediaMapper.selectObjs
2023-02-27 18:24:19,406 DEBUG [main][MybatisConfiguration.java:128] - addMappedStatement: com.xuecheng.content.mapper.TeachplanMediaMapper.selectObjs
2023-02-27 18:24:19,409 DEBUG [main][MybatisConfiguration.java:128] - addMappedStatement: com.xuecheng.content.mapper.TeachplanMediaMapper.selectList
2023-02-27 18:24:19,409 DEBUG [main][MybatisConfiguration.java:128] - addMappedStatement: com.xuecheng.content.mapper.TeachplanMediaMapper.selectList
2023-02-27 18:24:19,412 DEBUG [main][MybatisConfiguration.java:128] - addMappedStatement: com.xuecheng.content.mapper.TeachplanMediaMapper.selectPage
2023-02-27 18:24:19,412 DEBUG [main][MybatisConfiguration.java:128] - addMappedStatement: com.xuecheng.content.mapper.TeachplanMediaMapper.selectPage
2023-02-27 18:24:19,432 INFO [main][StartupInfoLogger.java:61] - Started XuechengPlusContentServiceApplicationTests in 2.306 seconds (JVM running for 3.459)
2023-02-27 18:24:19,432 INFO [main][StartupInfoLogger.java:61] - Started XuechengPlusContentServiceApplicationTests in 2.306 seconds (JVM running for 3.459)
2023-02-27 18:24:19,645 DEBUG [main][HikariConfig.java:1066] - HikariPool-1 - configuration:
2023-02-27 18:24:19,645 DEBUG [main][HikariConfig.java:1066] - HikariPool-1 - configuration:
2023-02-27 18:24:19,648 DEBUG [main][HikariConfig.java:1098] - allowPoolSuspension.............false
2023-02-27 18:24:19,648 DEBUG [main][HikariConfig.java:1098] - allowPoolSuspension.............false
2023-02-27 18:24:19,648 DEBUG [main][HikariConfig.java:1098] - autoCommit......................true
2023-02-27 18:24:19,648 DEBUG [main][HikariConfig.java:1098] - autoCommit......................true
2023-02-27 18:24:19,648 DEBUG [main][HikariConfig.java:1098] - catalog.........................none
2023-02-27 18:24:19,648 DEBUG [main][HikariConfig.java:1098] - catalog.........................none
2023-02-27 18:24:19,648 DEBUG [main][HikariConfig.java:1098] - connectionInitSql...............none
2023-02-27 18:24:19,648 DEBUG [main][HikariConfig.java:1098] - connectionInitSql...............none
2023-02-27 18:24:19,648 DEBUG [main][HikariConfig.java:1098] - connectionTestQuery.............none
2023-02-27 18:24:19,648 DEBUG [main][HikariConfig.java:1098] - connectionTestQuery.............none
2023-02-27 18:24:19,648 DEBUG [main][HikariConfig.java:1098] - connectionTimeout...............30000
2023-02-27 18:24:19,648 DEBUG [main][HikariConfig.java:1098] - connectionTimeout...............30000
2023-02-27 18:24:19,649 DEBUG [main][HikariConfig.java:1098] - dataSource......................none
2023-02-27 18:24:19,649 DEBUG [main][HikariConfig.java:1098] - dataSource......................none
2023-02-27 18:24:19,649 DEBUG [main][HikariConfig.java:1098] - dataSourceClassName.............none
2023-02-27 18:24:19,649 DEBUG [main][HikariConfig.java:1098] - dataSourceClassName.............none
2023-02-27 18:24:19,649 DEBUG [main][HikariConfig.java:1098] - dataSourceJNDI..................none
2023-02-27 18:24:19,649 DEBUG [main][HikariConfig.java:1098] - dataSourceJNDI..................none
2023-02-27 18:24:19,650 DEBUG [main][HikariConfig.java:1098] - dataSourceProperties............{password=<masked>}
2023-02-27 18:24:19,650 DEBUG [main][HikariConfig.java:1098] - dataSourceProperties............{password=<masked>}
2023-02-27 18:24:19,650 DEBUG [main][HikariConfig.java:1098] - driverClassName................."com.mysql.cj.jdbc.Driver"
2023-02-27 18:24:19,650 DEBUG [main][HikariConfig.java:1098] - driverClassName................."com.mysql.cj.jdbc.Driver"
2023-02-27 18:24:19,650 DEBUG [main][HikariConfig.java:1098] - exceptionOverrideClassName......none
2023-02-27 18:24:19,650 DEBUG [main][HikariConfig.java:1098] - exceptionOverrideClassName......none
2023-02-27 18:24:19,650 DEBUG [main][HikariConfig.java:1098] - healthCheckProperties...........{}
2023-02-27 18:24:19,650 DEBUG [main][HikariConfig.java:1098] - healthCheckProperties...........{}
2023-02-27 18:24:19,650 DEBUG [main][HikariConfig.java:1098] - healthCheckRegistry.............none
2023-02-27 18:24:19,650 DEBUG [main][HikariConfig.java:1098] - healthCheckRegistry.............none
2023-02-27 18:24:19,651 DEBUG [main][HikariConfig.java:1098] - idleTimeout.....................600000
2023-02-27 18:24:19,651 DEBUG [main][HikariConfig.java:1098] - idleTimeout.....................600000
2023-02-27 18:24:19,651 DEBUG [main][HikariConfig.java:1098] - initializationFailTimeout.......1
2023-02-27 18:24:19,651 DEBUG [main][HikariConfig.java:1098] - initializationFailTimeout.......1
2023-02-27 18:24:19,651 DEBUG [main][HikariConfig.java:1098] - isolateInternalQueries..........false
2023-02-27 18:24:19,651 DEBUG [main][HikariConfig.java:1098] - isolateInternalQueries..........false
2023-02-27 18:24:19,651 DEBUG [main][HikariConfig.java:1098] - jdbcUrl.........................jdbc:mysql://192.168.101.65:3306/xc_content?serverTimeZone=UTC&userUnicode=true&useSSL=false
2023-02-27 18:24:19,651 DEBUG [main][HikariConfig.java:1098] - jdbcUrl.........................jdbc:mysql://192.168.101.65:3306/xc_content?serverTimeZone=UTC&userUnicode=true&useSSL=false
2023-02-27 18:24:19,651 DEBUG [main][HikariConfig.java:1098] - leakDetectionThreshold..........0
2023-02-27 18:24:19,651 DEBUG [main][HikariConfig.java:1098] - leakDetectionThreshold..........0
2023-02-27 18:24:19,652 DEBUG [main][HikariConfig.java:1098] - maxLifetime.....................1800000
2023-02-27 18:24:19,652 DEBUG [main][HikariConfig.java:1098] - maxLifetime.....................1800000
2023-02-27 18:24:19,652 DEBUG [main][HikariConfig.java:1098] - maximumPoolSize.................10
2023-02-27 18:24:19,652 DEBUG [main][HikariConfig.java:1098] - maximumPoolSize.................10
2023-02-27 18:24:19,652 DEBUG [main][HikariConfig.java:1098] - metricRegistry..................none
2023-02-27 18:24:19,652 DEBUG [main][HikariConfig.java:1098] - metricRegistry..................none
2023-02-27 18:24:19,652 DEBUG [main][HikariConfig.java:1098] - metricsTrackerFactory...........none
2023-02-27 18:24:19,652 DEBUG [main][HikariConfig.java:1098] - metricsTrackerFactory...........none
2023-02-27 18:24:19,652 DEBUG [main][HikariConfig.java:1098] - minimumIdle.....................10
2023-02-27 18:24:19,652 DEBUG [main][HikariConfig.java:1098] - minimumIdle.....................10
2023-02-27 18:24:19,653 DEBUG [main][HikariConfig.java:1098] - password........................<masked>
2023-02-27 18:24:19,653 DEBUG [main][HikariConfig.java:1098] - password........................<masked>
2023-02-27 18:24:19,653 DEBUG [main][HikariConfig.java:1098] - poolName........................"HikariPool-1"
2023-02-27 18:24:19,653 DEBUG [main][HikariConfig.java:1098] - poolName........................"HikariPool-1"
2023-02-27 18:24:19,653 DEBUG [main][HikariConfig.java:1098] - readOnly........................false
2023-02-27 18:24:19,653 DEBUG [main][HikariConfig.java:1098] - readOnly........................false
2023-02-27 18:24:19,653 DEBUG [main][HikariConfig.java:1098] - registerMbeans..................false
2023-02-27 18:24:19,653 DEBUG [main][HikariConfig.java:1098] - registerMbeans..................false
2023-02-27 18:24:19,653 DEBUG [main][HikariConfig.java:1098] - scheduledExecutor...............none
2023-02-27 18:24:19,653 DEBUG [main][HikariConfig.java:1098] - scheduledExecutor...............none
2023-02-27 18:24:19,654 DEBUG [main][HikariConfig.java:1098] - schema..........................none
2023-02-27 18:24:19,654 DEBUG [main][HikariConfig.java:1098] - schema..........................none
2023-02-27 18:24:19,654 DEBUG [main][HikariConfig.java:1098] - threadFactory...................internal
2023-02-27 18:24:19,654 DEBUG [main][HikariConfig.java:1098] - threadFactory...................internal
2023-02-27 18:24:19,654 DEBUG [main][HikariConfig.java:1098] - transactionIsolation............default
2023-02-27 18:24:19,654 DEBUG [main][HikariConfig.java:1098] - transactionIsolation............default
2023-02-27 18:24:19,654 DEBUG [main][HikariConfig.java:1098] - username........................"root"
2023-02-27 18:24:19,654 DEBUG [main][HikariConfig.java:1098] - username........................"root"
2023-02-27 18:24:19,655 DEBUG [main][HikariConfig.java:1098] - validationTimeout...............5000
2023-02-27 18:24:19,655 DEBUG [main][HikariConfig.java:1098] - validationTimeout...............5000
2023-02-27 18:24:19,655 INFO [main][HikariDataSource.java:110] - HikariPool-1 - Starting...
2023-02-27 18:24:19,655 INFO [main][HikariDataSource.java:110] - HikariPool-1 - Starting...
2023-02-27 18:24:19,815 DEBUG [main][HikariPool.java:564] - HikariPool-1 - Added connection com.mysql.cj.jdbc.ConnectionImpl@6704df84
2023-02-27 18:24:19,815 DEBUG [main][HikariPool.java:564] - HikariPool-1 - Added connection com.mysql.cj.jdbc.ConnectionImpl@6704df84
2023-02-27 18:24:19,817 INFO [main][HikariDataSource.java:123] - HikariPool-1 - Start completed.
2023-02-27 18:24:19,817 INFO [main][HikariDataSource.java:123] - HikariPool-1 - Start completed.
2023-02-27 18:24:19,822 DEBUG [main][BaseJdbcLogger.java:137] - ==>  Preparing: SELECT id,company_id,company_name,name,users,tags,mt,st,grade,teachmode,description,pic,create_date,change_date,create_people,change_people,audit_status,status FROM course_base WHERE id=?
2023-02-27 18:24:19,822 DEBUG [main][BaseJdbcLogger.java:137] - ==>  Preparing: SELECT id,company_id,company_name,name,users,tags,mt,st,grade,teachmode,description,pic,create_date,change_date,create_people,change_people,audit_status,status FROM course_base WHERE id=?
2023-02-27 18:24:19,841 DEBUG [main][BaseJdbcLogger.java:137] - ==> Parameters: 22(Integer)
2023-02-27 18:24:19,841 DEBUG [main][BaseJdbcLogger.java:137] - ==> Parameters: 22(Integer)
2023-02-27 18:24:19,863 DEBUG [main][BaseJdbcLogger.java:137] - <==      Total: 1
2023-02-27 18:24:19,863 DEBUG [main][BaseJdbcLogger.java:137] - <==      Total: 1
2023-02-27 18:24:19,889 INFO [SpringContextShutdownHook][HikariDataSource.java:350] - HikariPool-1 - Shutdown initiated...
2023-02-27 18:24:19,889 INFO [SpringContextShutdownHook][HikariDataSource.java:350] - HikariPool-1 - Shutdown initiated...
2023-02-27 18:24:19,889 DEBUG [SpringContextShutdownHook][HikariPool.java:421] - HikariPool-1 - Before shutdown stats (total=1, active=0, idle=1, waiting=0)
2023-02-27 18:24:19,889 DEBUG [SpringContextShutdownHook][HikariPool.java:421] - HikariPool-1 - Before shutdown stats (total=1, active=0, idle=1, waiting=0)
2023-02-27 18:24:19,891 DEBUG [HikariPool-1 connection closer][PoolBase.java:134] - HikariPool-1 - Closing connection com.mysql.cj.jdbc.ConnectionImpl@6704df84: (connection evicted)
2023-02-27 18:24:19,891 DEBUG [HikariPool-1 connection closer][PoolBase.java:134] - HikariPool-1 - Closing connection com.mysql.cj.jdbc.ConnectionImpl@6704df84: (connection evicted)
2023-02-27 18:24:19,896 DEBUG [SpringContextShutdownHook][HikariPool.java:421] - HikariPool-1 - After shutdown stats (total=0, active=0, idle=0, waiting=0)
2023-02-27 18:24:19,896 DEBUG [SpringContextShutdownHook][HikariPool.java:421] - HikariPool-1 - After shutdown stats (total=0, active=0, idle=0, waiting=0)
2023-02-27 18:24:19,896 INFO [SpringContextShutdownHook][HikariDataSource.java:352] - HikariPool-1 - Shutdown completed.
2023-02-27 18:24:19,896 INFO [SpringContextShutdownHook][HikariDataSource.java:352] - HikariPool-1 - Shutdown completed.
2023-02-27 18:24:28,729 DEBUG [background-preinit][LoggerProviders.java:152] - Logging Provider: org.jboss.logging.Log4j2LoggerProvider
2023-02-27 18:24:28,729 DEBUG [background-preinit][LoggerProviders.java:152] - Logging Provider: org.jboss.logging.Log4j2LoggerProvider
2023-02-27 18:24:28,732 INFO [background-preinit][Version.java:21] - HV000001: Hibernate Validator 6.1.7.Final
2023-02-27 18:24:28,732 INFO [background-preinit][Version.java:21] - HV000001: Hibernate Validator 6.1.7.Final
2023-02-27 18:24:28,738 DEBUG [background-preinit][ValidationXmlParser.java:120] - Trying to load META-INF/validation.xml for XML based Validator configuration.
2023-02-27 18:24:28,738 DEBUG [background-preinit][ValidationXmlParser.java:120] - Trying to load META-INF/validation.xml for XML based Validator configuration.
2023-02-27 18:24:28,739 DEBUG [background-preinit][ResourceLoaderHelper.java:60] - Trying to load META-INF/validation.xml via TCCL
2023-02-27 18:24:28,739 DEBUG [background-preinit][ResourceLoaderHelper.java:60] - Trying to load META-INF/validation.xml via TCCL
2023-02-27 18:24:28,739 DEBUG [background-preinit][ResourceLoaderHelper.java:66] - Trying to load META-INF/validation.xml via Hibernate Validator's class loader
2023-02-27 18:24:28,739 DEBUG [background-preinit][ResourceLoaderHelper.java:66] - Trying to load META-INF/validation.xml via Hibernate Validator's class loader
2023-02-27 18:24:28,740 DEBUG [background-preinit][ValidationXmlParser.java:127] - No META-INF/validation.xml found. Using annotation based configuration only.
2023-02-27 18:24:28,740 DEBUG [background-preinit][ValidationXmlParser.java:127] - No META-INF/validation.xml found. Using annotation based configuration only.
2023-02-27 18:24:28,744 DEBUG [background-preinit][TraversableResolvers.java:60] - Cannot find javax.persistence.Persistence on classpath. Assuming non JPA 2 environment. All properties will per default be traversable.
2023-02-27 18:24:28,744 DEBUG [background-preinit][TraversableResolvers.java:60] - Cannot find javax.persistence.Persistence on classpath. Assuming non JPA 2 environment. All properties will per default be traversable.
2023-02-27 18:24:28,759 INFO [main][StartupInfoLogger.java:55] - Starting XuechengPlusContentServiceApplicationTests on Mxk-XiaoXinPro14 with PID 22576 (started by MXK in D:\JavaLearning\xuecheng_online\xuecheng-plus\xuecheng-plus-content\xuecheng-plus-content-service)
2023-02-27 18:24:28,759 INFO [main][StartupInfoLogger.java:55] - Starting XuechengPlusContentServiceApplicationTests on Mxk-XiaoXinPro14 with PID 22576 (started by MXK in D:\JavaLearning\xuecheng_online\xuecheng-plus\xuecheng-plus-content\xuecheng-plus-content-service)
2023-02-27 18:24:28,760 DEBUG [main][StartupInfoLogger.java:56] - Running with Spring Boot v2.3.12.RELEASE, Spring v5.2.12.RELEASE
2023-02-27 18:24:28,760 DEBUG [main][StartupInfoLogger.java:56] - Running with Spring Boot v2.3.12.RELEASE, Spring v5.2.12.RELEASE
2023-02-27 18:24:28,761 INFO [main][SpringApplication.java:648] - No active profile set, falling back to default profiles: default
2023-02-27 18:24:28,761 INFO [main][SpringApplication.java:648] - No active profile set, falling back to default profiles: default
2023-02-27 18:24:28,765 DEBUG [background-preinit][ResourceBundleMessageInterpolator.java:172] - Loaded expression factory via original TCCL
2023-02-27 18:24:28,765 DEBUG [background-preinit][ResourceBundleMessageInterpolator.java:172] - Loaded expression factory via original TCCL
2023-02-27 18:24:28,876 DEBUG [background-preinit][ValidatorFactoryConfigurationHelper.java:300] - HV000252: Using org.hibernate.validator.internal.engine.DefaultPropertyNodeNameProvider as property node name provider.
2023-02-27 18:24:28,876 DEBUG [background-preinit][ValidatorFactoryConfigurationHelper.java:300] - HV000252: Using org.hibernate.validator.internal.engine.DefaultPropertyNodeNameProvider as property node name provider.
2023-02-27 18:24:28,882 DEBUG [background-preinit][ValidatorFactoryConfigurationHelper.java:375] - HV000234: Using org.hibernate.validator.messageinterpolation.ResourceBundleMessageInterpolator as ValidatorFactory-scoped message interpolator.
2023-02-27 18:24:28,882 DEBUG [background-preinit][ValidatorFactoryConfigurationHelper.java:375] - HV000234: Using org.hibernate.validator.messageinterpolation.ResourceBundleMessageInterpolator as ValidatorFactory-scoped message interpolator.
2023-02-27 18:24:28,883 DEBUG [background-preinit][ValidatorFactoryConfigurationHelper.java:376] - HV000234: Using org.hibernate.validator.internal.engine.resolver.TraverseAllTraversableResolver as ValidatorFactory-scoped traversable resolver.
2023-02-27 18:24:28,883 DEBUG [background-preinit][ValidatorFactoryConfigurationHelper.java:376] - HV000234: Using org.hibernate.validator.internal.engine.resolver.TraverseAllTraversableResolver as ValidatorFactory-scoped traversable resolver.
2023-02-27 18:24:28,883 DEBUG [background-preinit][ValidatorFactoryConfigurationHelper.java:377] - HV000234: Using org.hibernate.validator.internal.util.ExecutableParameterNameProvider as ValidatorFactory-scoped parameter name provider.
2023-02-27 18:24:28,883 DEBUG [background-preinit][ValidatorFactoryConfigurationHelper.java:377] - HV000234: Using org.hibernate.validator.internal.util.ExecutableParameterNameProvider as ValidatorFactory-scoped parameter name provider.
2023-02-27 18:24:28,883 DEBUG [background-preinit][ValidatorFactoryConfigurationHelper.java:378] - HV000234: Using org.hibernate.validator.internal.engine.DefaultClockProvider as ValidatorFactory-scoped clock provider.
2023-02-27 18:24:28,883 DEBUG [background-preinit][ValidatorFactoryConfigurationHelper.java:378] - HV000234: Using org.hibernate.validator.internal.engine.DefaultClockProvider as ValidatorFactory-scoped clock provider.
2023-02-27 18:24:28,884 DEBUG [background-preinit][ValidatorFactoryConfigurationHelper.java:379] - HV000234: Using org.hibernate.validator.internal.engine.scripting.DefaultScriptEvaluatorFactory as ValidatorFactory-scoped script evaluator factory.
2023-02-27 18:24:28,884 DEBUG [background-preinit][ValidatorFactoryConfigurationHelper.java:379] - HV000234: Using org.hibernate.validator.internal.engine.scripting.DefaultScriptEvaluatorFactory as ValidatorFactory-scoped script evaluator factory.
2023-02-27 18:24:29,150 DEBUG [main][LogFactory.java:105] - Logging initialized using 'class org.apache.ibatis.logging.slf4j.Slf4jImpl' adapter.
2023-02-27 18:24:29,150 DEBUG [main][LogFactory.java:105] - Logging initialized using 'class org.apache.ibatis.logging.slf4j.Slf4jImpl' adapter.
2023-02-27 18:24:29,438 DEBUG [main][HikariConfig.java:946] - Driver class com.mysql.cj.jdbc.Driver found in Thread context class loader sun.misc.Launcher$AppClassLoader@18b4aac2
2023-02-27 18:24:29,438 DEBUG [main][HikariConfig.java:946] - Driver class com.mysql.cj.jdbc.Driver found in Thread context class loader sun.misc.Launcher$AppClassLoader@18b4aac2
2023-02-27 18:24:29,514 DEBUG [main][Logger.java:49] - Registered plugin: 'com.baomidou.mybatisplus.extension.plugins.MybatisPlusInterceptor@31db34da'
2023-02-27 18:24:29,514 DEBUG [main][Logger.java:49] - Registered plugin: 'com.baomidou.mybatisplus.extension.plugins.MybatisPlusInterceptor@31db34da'
2023-02-27 18:24:29,516 DEBUG [main][Logger.java:49] - Property 'mapperLocations' was not specified.
2023-02-27 18:24:29,516 DEBUG [main][Logger.java:49] - Property 'mapperLocations' was not specified.
2023-02-27 18:24:30,163 DEBUG [main][MybatisConfiguration.java:128] - addMappedStatement: com.xuecheng.content.mapper.CourseBaseMapper.insert
2023-02-27 18:24:30,163 DEBUG [main][MybatisConfiguration.java:128] - addMappedStatement: com.xuecheng.content.mapper.CourseBaseMapper.insert
2023-02-27 18:24:30,168 DEBUG [main][MybatisConfiguration.java:128] - addMappedStatement: com.xuecheng.content.mapper.CourseBaseMapper.delete
2023-02-27 18:24:30,168 DEBUG [main][MybatisConfiguration.java:128] - addMappedStatement: com.xuecheng.content.mapper.CourseBaseMapper.delete
2023-02-27 18:24:30,171 DEBUG [main][MybatisConfiguration.java:128] - addMappedStatement: com.xuecheng.content.mapper.CourseBaseMapper.deleteByMap
2023-02-27 18:24:30,171 DEBUG [main][MybatisConfiguration.java:128] - addMappedStatement: com.xuecheng.content.mapper.CourseBaseMapper.deleteByMap
2023-02-27 18:24:30,194 DEBUG [main][MybatisConfiguration.java:128] - addMappedStatement: com.xuecheng.content.mapper.CourseBaseMapper.deleteById
2023-02-27 18:24:30,194 DEBUG [main][MybatisConfiguration.java:128] - addMappedStatement: com.xuecheng.content.mapper.CourseBaseMapper.deleteById
2023-02-27 18:24:30,197 DEBUG [main][MybatisConfiguration.java:128] - addMappedStatement: com.xuecheng.content.mapper.CourseBaseMapper.deleteBatchIds
2023-02-27 18:24:30,197 DEBUG [main][MybatisConfiguration.java:128] - addMappedStatement: com.xuecheng.content.mapper.CourseBaseMapper.deleteBatchIds
2023-02-27 18:24:30,202 DEBUG [main][MybatisConfiguration.java:128] - addMappedStatement: com.xuecheng.content.mapper.CourseBaseMapper.update
2023-02-27 18:24:30,202 DEBUG [main][MybatisConfiguration.java:128] - addMappedStatement: com.xuecheng.content.mapper.CourseBaseMapper.update
2023-02-27 18:24:30,204 DEBUG [main][MybatisConfiguration.java:128] - addMappedStatement: com.xuecheng.content.mapper.CourseBaseMapper.updateById
2023-02-27 18:24:30,204 DEBUG [main][MybatisConfiguration.java:128] - addMappedStatement: com.xuecheng.content.mapper.CourseBaseMapper.updateById
2023-02-27 18:24:30,206 DEBUG [main][MybatisConfiguration.java:128] - addMappedStatement: com.xuecheng.content.mapper.CourseBaseMapper.selectById
2023-02-27 18:24:30,206 DEBUG [main][MybatisConfiguration.java:128] - addMappedStatement: com.xuecheng.content.mapper.CourseBaseMapper.selectById
2023-02-27 18:24:30,207 DEBUG [main][MybatisConfiguration.java:128] - addMappedStatement: com.xuecheng.content.mapper.CourseBaseMapper.selectBatchIds
2023-02-27 18:24:30,207 DEBUG [main][MybatisConfiguration.java:128] - addMappedStatement: com.xuecheng.content.mapper.CourseBaseMapper.selectBatchIds
2023-02-27 18:24:30,208 DEBUG [main][MybatisConfiguration.java:128] - addMappedStatement: com.xuecheng.content.mapper.CourseBaseMapper.selectByMap
2023-02-27 18:24:30,208 DEBUG [main][MybatisConfiguration.java:128] - addMappedStatement: com.xuecheng.content.mapper.CourseBaseMapper.selectByMap
2023-02-27 18:24:30,210 DEBUG [main][MybatisConfiguration.java:128] - addMappedStatement: com.xuecheng.content.mapper.CourseBaseMapper.selectOne
2023-02-27 18:24:30,210 DEBUG [main][MybatisConfiguration.java:128] - addMappedStatement: com.xuecheng.content.mapper.CourseBaseMapper.selectOne
2023-02-27 18:24:30,212 DEBUG [main][MybatisConfiguration.java:128] - addMappedStatement: com.xuecheng.content.mapper.CourseBaseMapper.selectCount
2023-02-27 18:24:30,212 DEBUG [main][MybatisConfiguration.java:128] - addMappedStatement: com.xuecheng.content.mapper.CourseBaseMapper.selectCount
2023-02-27 18:24:30,214 DEBUG [main][MybatisConfiguration.java:128] - addMappedStatement: com.xuecheng.content.mapper.CourseBaseMapper.selectMaps
2023-02-27 18:24:30,214 DEBUG [main][MybatisConfiguration.java:128] - addMappedStatement: com.xuecheng.content.mapper.CourseBaseMapper.selectMaps
2023-02-27 18:24:30,217 DEBUG [main][MybatisConfiguration.java:128] - addMappedStatement: com.xuecheng.content.mapper.CourseBaseMapper.selectMapsPage
2023-02-27 18:24:30,217 DEBUG [main][MybatisConfiguration.java:128] - addMappedStatement: com.xuecheng.content.mapper.CourseBaseMapper.selectMapsPage
2023-02-27 18:24:30,220 DEBUG [main][MybatisConfiguration.java:128] - addMappedStatement: com.xuecheng.content.mapper.CourseBaseMapper.selectObjs
2023-02-27 18:24:30,220 DEBUG [main][MybatisConfiguration.java:128] - addMappedStatement: com.xuecheng.content.mapper.CourseBaseMapper.selectObjs
2023-02-27 18:24:30,223 DEBUG [main][MybatisConfiguration.java:128] - addMappedStatement: com.xuecheng.content.mapper.CourseBaseMapper.selectList
2023-02-27 18:24:30,223 DEBUG [main][MybatisConfiguration.java:128] - addMappedStatement: com.xuecheng.content.mapper.CourseBaseMapper.selectList
2023-02-27 18:24:30,225 DEBUG [main][MybatisConfiguration.java:128] - addMappedStatement: com.xuecheng.content.mapper.CourseBaseMapper.selectPage
2023-02-27 18:24:30,225 DEBUG [main][MybatisConfiguration.java:128] - addMappedStatement: com.xuecheng.content.mapper.CourseBaseMapper.selectPage
2023-02-27 18:24:30,271 DEBUG [main][ResourceBundleMessageInterpolator.java:172] - Loaded expression factory via original TCCL
2023-02-27 18:24:30,271 DEBUG [main][ResourceBundleMessageInterpolator.java:172] - Loaded expression factory via original TCCL
2023-02-27 18:24:30,277 DEBUG [main][AbstractConfigurationImpl.java:171] - Setting custom MessageInterpolator of type org.springframework.validation.beanvalidation.LocaleContextMessageInterpolator
2023-02-27 18:24:30,277 DEBUG [main][AbstractConfigurationImpl.java:171] - Setting custom MessageInterpolator of type org.springframework.validation.beanvalidation.LocaleContextMessageInterpolator
2023-02-27 18:24:30,277 DEBUG [main][AbstractConfigurationImpl.java:203] - Setting custom ConstraintValidatorFactory of type org.springframework.validation.beanvalidation.SpringConstraintValidatorFactory
2023-02-27 18:24:30,277 DEBUG [main][AbstractConfigurationImpl.java:203] - Setting custom ConstraintValidatorFactory of type org.springframework.validation.beanvalidation.SpringConstraintValidatorFactory
2023-02-27 18:24:30,278 DEBUG [main][AbstractConfigurationImpl.java:217] - Setting custom ParameterNameProvider of type org.springframework.validation.beanvalidation.LocalValidatorFactoryBean$1
2023-02-27 18:24:30,278 DEBUG [main][AbstractConfigurationImpl.java:217] - Setting custom ParameterNameProvider of type org.springframework.validation.beanvalidation.LocalValidatorFactoryBean$1
2023-02-27 18:24:30,279 DEBUG [main][ValidationXmlParser.java:120] - Trying to load META-INF/validation.xml for XML based Validator configuration.
2023-02-27 18:24:30,279 DEBUG [main][ValidationXmlParser.java:120] - Trying to load META-INF/validation.xml for XML based Validator configuration.
2023-02-27 18:24:30,279 DEBUG [main][ResourceLoaderHelper.java:53] - Trying to load META-INF/validation.xml via user class loader
2023-02-27 18:24:30,279 DEBUG [main][ResourceLoaderHelper.java:53] - Trying to load META-INF/validation.xml via user class loader
2023-02-27 18:24:30,280 DEBUG [main][ResourceLoaderHelper.java:60] - Trying to load META-INF/validation.xml via TCCL
2023-02-27 18:24:30,280 DEBUG [main][ResourceLoaderHelper.java:60] - Trying to load META-INF/validation.xml via TCCL
2023-02-27 18:24:30,280 DEBUG [main][ResourceLoaderHelper.java:66] - Trying to load META-INF/validation.xml via Hibernate Validator's class loader
2023-02-27 18:24:30,280 DEBUG [main][ResourceLoaderHelper.java:66] - Trying to load META-INF/validation.xml via Hibernate Validator's class loader
2023-02-27 18:24:30,280 DEBUG [main][ValidationXmlParser.java:127] - No META-INF/validation.xml found. Using annotation based configuration only.
2023-02-27 18:24:30,280 DEBUG [main][ValidationXmlParser.java:127] - No META-INF/validation.xml found. Using annotation based configuration only.
2023-02-27 18:24:30,281 DEBUG [main][TraversableResolvers.java:60] - Cannot find javax.persistence.Persistence on classpath. Assuming non JPA 2 environment. All properties will per default be traversable.
2023-02-27 18:24:30,281 DEBUG [main][TraversableResolvers.java:60] - Cannot find javax.persistence.Persistence on classpath. Assuming non JPA 2 environment. All properties will per default be traversable.
2023-02-27 18:24:30,282 DEBUG [main][ValidatorFactoryConfigurationHelper.java:300] - HV000252: Using org.hibernate.validator.internal.engine.DefaultPropertyNodeNameProvider as property node name provider.
2023-02-27 18:24:30,282 DEBUG [main][ValidatorFactoryConfigurationHelper.java:300] - HV000252: Using org.hibernate.validator.internal.engine.DefaultPropertyNodeNameProvider as property node name provider.
2023-02-27 18:24:30,283 DEBUG [main][ValidatorFactoryConfigurationHelper.java:375] - HV000234: Using org.springframework.validation.beanvalidation.LocaleContextMessageInterpolator as ValidatorFactory-scoped message interpolator.
2023-02-27 18:24:30,283 DEBUG [main][ValidatorFactoryConfigurationHelper.java:375] - HV000234: Using org.springframework.validation.beanvalidation.LocaleContextMessageInterpolator as ValidatorFactory-scoped message interpolator.
2023-02-27 18:24:30,283 DEBUG [main][ValidatorFactoryConfigurationHelper.java:376] - HV000234: Using org.hibernate.validator.internal.engine.resolver.TraverseAllTraversableResolver as ValidatorFactory-scoped traversable resolver.
2023-02-27 18:24:30,283 DEBUG [main][ValidatorFactoryConfigurationHelper.java:376] - HV000234: Using org.hibernate.validator.internal.engine.resolver.TraverseAllTraversableResolver as ValidatorFactory-scoped traversable resolver.
2023-02-27 18:24:30,283 DEBUG [main][ValidatorFactoryConfigurationHelper.java:377] - HV000234: Using org.hibernate.validator.internal.util.ExecutableParameterNameProvider as ValidatorFactory-scoped parameter name provider.
2023-02-27 18:24:30,283 DEBUG [main][ValidatorFactoryConfigurationHelper.java:377] - HV000234: Using org.hibernate.validator.internal.util.ExecutableParameterNameProvider as ValidatorFactory-scoped parameter name provider.
2023-02-27 18:24:30,283 DEBUG [main][ValidatorFactoryConfigurationHelper.java:378] - HV000234: Using org.hibernate.validator.internal.engine.DefaultClockProvider as ValidatorFactory-scoped clock provider.
2023-02-27 18:24:30,283 DEBUG [main][ValidatorFactoryConfigurationHelper.java:378] - HV000234: Using org.hibernate.validator.internal.engine.DefaultClockProvider as ValidatorFactory-scoped clock provider.
2023-02-27 18:24:30,284 DEBUG [main][ValidatorFactoryConfigurationHelper.java:379] - HV000234: Using org.hibernate.validator.internal.engine.scripting.DefaultScriptEvaluatorFactory as ValidatorFactory-scoped script evaluator factory.
2023-02-27 18:24:30,284 DEBUG [main][ValidatorFactoryConfigurationHelper.java:379] - HV000234: Using org.hibernate.validator.internal.engine.scripting.DefaultScriptEvaluatorFactory as ValidatorFactory-scoped script evaluator factory.
2023-02-27 18:24:30,531 DEBUG [main][MybatisConfiguration.java:128] - addMappedStatement: com.xuecheng.content.mapper.CourseMarketMapper.insert
2023-02-27 18:24:30,531 DEBUG [main][MybatisConfiguration.java:128] - addMappedStatement: com.xuecheng.content.mapper.CourseMarketMapper.insert
2023-02-27 18:24:30,533 DEBUG [main][MybatisConfiguration.java:128] - addMappedStatement: com.xuecheng.content.mapper.CourseMarketMapper.delete
2023-02-27 18:24:30,533 DEBUG [main][MybatisConfiguration.java:128] - addMappedStatement: com.xuecheng.content.mapper.CourseMarketMapper.delete
2023-02-27 18:24:30,536 DEBUG [main][MybatisConfiguration.java:128] - addMappedStatement: com.xuecheng.content.mapper.CourseMarketMapper.deleteByMap
2023-02-27 18:24:30,536 DEBUG [main][MybatisConfiguration.java:128] - addMappedStatement: com.xuecheng.content.mapper.CourseMarketMapper.deleteByMap
2023-02-27 18:24:30,537 DEBUG [main][MybatisConfiguration.java:128] - addMappedStatement: com.xuecheng.content.mapper.CourseMarketMapper.deleteById
2023-02-27 18:24:30,537 DEBUG [main][MybatisConfiguration.java:128] - addMappedStatement: com.xuecheng.content.mapper.CourseMarketMapper.deleteById
2023-02-27 18:24:30,539 DEBUG [main][MybatisConfiguration.java:128] - addMappedStatement: com.xuecheng.content.mapper.CourseMarketMapper.deleteBatchIds
2023-02-27 18:24:30,539 DEBUG [main][MybatisConfiguration.java:128] - addMappedStatement: com.xuecheng.content.mapper.CourseMarketMapper.deleteBatchIds
2023-02-27 18:24:30,541 DEBUG [main][MybatisConfiguration.java:128] - addMappedStatement: com.xuecheng.content.mapper.CourseMarketMapper.update
2023-02-27 18:24:30,541 DEBUG [main][MybatisConfiguration.java:128] - addMappedStatement: com.xuecheng.content.mapper.CourseMarketMapper.update
2023-02-27 18:24:30,544 DEBUG [main][MybatisConfiguration.java:128] - addMappedStatement: com.xuecheng.content.mapper.CourseMarketMapper.updateById
2023-02-27 18:24:30,544 DEBUG [main][MybatisConfiguration.java:128] - addMappedStatement: com.xuecheng.content.mapper.CourseMarketMapper.updateById
2023-02-27 18:24:30,544 DEBUG [main][MybatisConfiguration.java:128] - addMappedStatement: com.xuecheng.content.mapper.CourseMarketMapper.selectById
2023-02-27 18:24:30,544 DEBUG [main][MybatisConfiguration.java:128] - addMappedStatement: com.xuecheng.content.mapper.CourseMarketMapper.selectById
2023-02-27 18:24:30,546 DEBUG [main][MybatisConfiguration.java:128] - addMappedStatement: com.xuecheng.content.mapper.CourseMarketMapper.selectBatchIds
2023-02-27 18:24:30,546 DEBUG [main][MybatisConfiguration.java:128] - addMappedStatement: com.xuecheng.content.mapper.CourseMarketMapper.selectBatchIds
2023-02-27 18:24:30,547 DEBUG [main][MybatisConfiguration.java:128] - addMappedStatement: com.xuecheng.content.mapper.CourseMarketMapper.selectByMap
2023-02-27 18:24:30,547 DEBUG [main][MybatisConfiguration.java:128] - addMappedStatement: com.xuecheng.content.mapper.CourseMarketMapper.selectByMap
2023-02-27 18:24:30,549 DEBUG [main][MybatisConfiguration.java:128] - addMappedStatement: com.xuecheng.content.mapper.CourseMarketMapper.selectOne
2023-02-27 18:24:30,549 DEBUG [main][MybatisConfiguration.java:128] - addMappedStatement: com.xuecheng.content.mapper.CourseMarketMapper.selectOne
2023-02-27 18:24:30,552 DEBUG [main][MybatisConfiguration.java:128] - addMappedStatement: com.xuecheng.content.mapper.CourseMarketMapper.selectCount
2023-02-27 18:24:30,552 DEBUG [main][MybatisConfiguration.java:128] - addMappedStatement: com.xuecheng.content.mapper.CourseMarketMapper.selectCount
2023-02-27 18:24:30,554 DEBUG [main][MybatisConfiguration.java:128] - addMappedStatement: com.xuecheng.content.mapper.CourseMarketMapper.selectMaps
2023-02-27 18:24:30,554 DEBUG [main][MybatisConfiguration.java:128] - addMappedStatement: com.xuecheng.content.mapper.CourseMarketMapper.selectMaps
2023-02-27 18:24:30,556 DEBUG [main][MybatisConfiguration.java:128] - addMappedStatement: com.xuecheng.content.mapper.CourseMarketMapper.selectMapsPage
2023-02-27 18:24:30,556 DEBUG [main][MybatisConfiguration.java:128] - addMappedStatement: com.xuecheng.content.mapper.CourseMarketMapper.selectMapsPage
2023-02-27 18:24:30,559 DEBUG [main][MybatisConfiguration.java:128] - addMappedStatement: com.xuecheng.content.mapper.CourseMarketMapper.selectObjs
2023-02-27 18:24:30,559 DEBUG [main][MybatisConfiguration.java:128] - addMappedStatement: com.xuecheng.content.mapper.CourseMarketMapper.selectObjs
2023-02-27 18:24:30,561 DEBUG [main][MybatisConfiguration.java:128] - addMappedStatement: com.xuecheng.content.mapper.CourseMarketMapper.selectList
2023-02-27 18:24:30,561 DEBUG [main][MybatisConfiguration.java:128] - addMappedStatement: com.xuecheng.content.mapper.CourseMarketMapper.selectList
2023-02-27 18:24:30,563 DEBUG [main][MybatisConfiguration.java:128] - addMappedStatement: com.xuecheng.content.mapper.CourseMarketMapper.selectPage
2023-02-27 18:24:30,563 DEBUG [main][MybatisConfiguration.java:128] - addMappedStatement: com.xuecheng.content.mapper.CourseMarketMapper.selectPage
2023-02-27 18:24:30,575 DEBUG [main][MybatisConfiguration.java:128] - addMappedStatement: com.xuecheng.content.mapper.CourseTeacherMapper.insert
2023-02-27 18:24:30,575 DEBUG [main][MybatisConfiguration.java:128] - addMappedStatement: com.xuecheng.content.mapper.CourseTeacherMapper.insert
2023-02-27 18:24:30,577 DEBUG [main][MybatisConfiguration.java:128] - addMappedStatement: com.xuecheng.content.mapper.CourseTeacherMapper.delete
2023-02-27 18:24:30,577 DEBUG [main][MybatisConfiguration.java:128] - addMappedStatement: com.xuecheng.content.mapper.CourseTeacherMapper.delete
2023-02-27 18:24:30,579 DEBUG [main][MybatisConfiguration.java:128] - addMappedStatement: com.xuecheng.content.mapper.CourseTeacherMapper.deleteByMap
2023-02-27 18:24:30,579 DEBUG [main][MybatisConfiguration.java:128] - addMappedStatement: com.xuecheng.content.mapper.CourseTeacherMapper.deleteByMap
2023-02-27 18:24:30,580 DEBUG [main][MybatisConfiguration.java:128] - addMappedStatement: com.xuecheng.content.mapper.CourseTeacherMapper.deleteById
2023-02-27 18:24:30,580 DEBUG [main][MybatisConfiguration.java:128] - addMappedStatement: com.xuecheng.content.mapper.CourseTeacherMapper.deleteById
2023-02-27 18:24:30,582 DEBUG [main][MybatisConfiguration.java:128] - addMappedStatement: com.xuecheng.content.mapper.CourseTeacherMapper.deleteBatchIds
2023-02-27 18:24:30,582 DEBUG [main][MybatisConfiguration.java:128] - addMappedStatement: com.xuecheng.content.mapper.CourseTeacherMapper.deleteBatchIds
2023-02-27 18:24:30,584 DEBUG [main][MybatisConfiguration.java:128] - addMappedStatement: com.xuecheng.content.mapper.CourseTeacherMapper.update
2023-02-27 18:24:30,584 DEBUG [main][MybatisConfiguration.java:128] - addMappedStatement: com.xuecheng.content.mapper.CourseTeacherMapper.update
2023-02-27 18:24:30,586 DEBUG [main][MybatisConfiguration.java:128] - addMappedStatement: com.xuecheng.content.mapper.CourseTeacherMapper.updateById
2023-02-27 18:24:30,586 DEBUG [main][MybatisConfiguration.java:128] - addMappedStatement: com.xuecheng.content.mapper.CourseTeacherMapper.updateById
2023-02-27 18:24:30,587 DEBUG [main][MybatisConfiguration.java:128] - addMappedStatement: com.xuecheng.content.mapper.CourseTeacherMapper.selectById
2023-02-27 18:24:30,587 DEBUG [main][MybatisConfiguration.java:128] - addMappedStatement: com.xuecheng.content.mapper.CourseTeacherMapper.selectById
2023-02-27 18:24:30,590 DEBUG [main][MybatisConfiguration.java:128] - addMappedStatement: com.xuecheng.content.mapper.CourseTeacherMapper.selectBatchIds
2023-02-27 18:24:30,590 DEBUG [main][MybatisConfiguration.java:128] - addMappedStatement: com.xuecheng.content.mapper.CourseTeacherMapper.selectBatchIds
2023-02-27 18:24:30,592 DEBUG [main][MybatisConfiguration.java:128] - addMappedStatement: com.xuecheng.content.mapper.CourseTeacherMapper.selectByMap
2023-02-27 18:24:30,592 DEBUG [main][MybatisConfiguration.java:128] - addMappedStatement: com.xuecheng.content.mapper.CourseTeacherMapper.selectByMap
2023-02-27 18:24:30,593 DEBUG [main][MybatisConfiguration.java:128] - addMappedStatement: com.xuecheng.content.mapper.CourseTeacherMapper.selectOne
2023-02-27 18:24:30,593 DEBUG [main][MybatisConfiguration.java:128] - addMappedStatement: com.xuecheng.content.mapper.CourseTeacherMapper.selectOne
2023-02-27 18:24:30,595 DEBUG [main][MybatisConfiguration.java:128] - addMappedStatement: com.xuecheng.content.mapper.CourseTeacherMapper.selectCount
2023-02-27 18:24:30,595 DEBUG [main][MybatisConfiguration.java:128] - addMappedStatement: com.xuecheng.content.mapper.CourseTeacherMapper.selectCount
2023-02-27 18:24:30,597 DEBUG [main][MybatisConfiguration.java:128] - addMappedStatement: com.xuecheng.content.mapper.CourseTeacherMapper.selectMaps
2023-02-27 18:24:30,597 DEBUG [main][MybatisConfiguration.java:128] - addMappedStatement: com.xuecheng.content.mapper.CourseTeacherMapper.selectMaps
2023-02-27 18:24:30,599 DEBUG [main][MybatisConfiguration.java:128] - addMappedStatement: com.xuecheng.content.mapper.CourseTeacherMapper.selectMapsPage
2023-02-27 18:24:30,599 DEBUG [main][MybatisConfiguration.java:128] - addMappedStatement: com.xuecheng.content.mapper.CourseTeacherMapper.selectMapsPage
2023-02-27 18:24:30,601 DEBUG [main][MybatisConfiguration.java:128] - addMappedStatement: com.xuecheng.content.mapper.CourseTeacherMapper.selectObjs
2023-02-27 18:24:30,601 DEBUG [main][MybatisConfiguration.java:128] - addMappedStatement: com.xuecheng.content.mapper.CourseTeacherMapper.selectObjs
2023-02-27 18:24:30,604 DEBUG [main][MybatisConfiguration.java:128] - addMappedStatement: com.xuecheng.content.mapper.CourseTeacherMapper.selectList
2023-02-27 18:24:30,604 DEBUG [main][MybatisConfiguration.java:128] - addMappedStatement: com.xuecheng.content.mapper.CourseTeacherMapper.selectList
2023-02-27 18:24:30,606 DEBUG [main][MybatisConfiguration.java:128] - addMappedStatement: com.xuecheng.content.mapper.CourseTeacherMapper.selectPage
2023-02-27 18:24:30,606 DEBUG [main][MybatisConfiguration.java:128] - addMappedStatement: com.xuecheng.content.mapper.CourseTeacherMapper.selectPage
2023-02-27 18:24:30,617 DEBUG [main][MybatisConfiguration.java:128] - addMappedStatement: com.xuecheng.content.mapper.TeachplanMapper.insert
2023-02-27 18:24:30,617 DEBUG [main][MybatisConfiguration.java:128] - addMappedStatement: com.xuecheng.content.mapper.TeachplanMapper.insert
2023-02-27 18:24:30,619 DEBUG [main][MybatisConfiguration.java:128] - addMappedStatement: com.xuecheng.content.mapper.TeachplanMapper.delete
2023-02-27 18:24:30,619 DEBUG [main][MybatisConfiguration.java:128] - addMappedStatement: com.xuecheng.content.mapper.TeachplanMapper.delete
2023-02-27 18:24:30,621 DEBUG [main][MybatisConfiguration.java:128] - addMappedStatement: com.xuecheng.content.mapper.TeachplanMapper.deleteByMap
2023-02-27 18:24:30,621 DEBUG [main][MybatisConfiguration.java:128] - addMappedStatement: com.xuecheng.content.mapper.TeachplanMapper.deleteByMap
2023-02-27 18:24:30,623 DEBUG [main][MybatisConfiguration.java:128] - addMappedStatement: com.xuecheng.content.mapper.TeachplanMapper.deleteById
2023-02-27 18:24:30,623 DEBUG [main][MybatisConfiguration.java:128] - addMappedStatement: com.xuecheng.content.mapper.TeachplanMapper.deleteById
2023-02-27 18:24:30,625 DEBUG [main][MybatisConfiguration.java:128] - addMappedStatement: com.xuecheng.content.mapper.TeachplanMapper.deleteBatchIds
2023-02-27 18:24:30,625 DEBUG [main][MybatisConfiguration.java:128] - addMappedStatement: com.xuecheng.content.mapper.TeachplanMapper.deleteBatchIds
2023-02-27 18:24:30,628 DEBUG [main][MybatisConfiguration.java:128] - addMappedStatement: com.xuecheng.content.mapper.TeachplanMapper.update
2023-02-27 18:24:30,628 DEBUG [main][MybatisConfiguration.java:128] - addMappedStatement: com.xuecheng.content.mapper.TeachplanMapper.update
2023-02-27 18:24:30,630 DEBUG [main][MybatisConfiguration.java:128] - addMappedStatement: com.xuecheng.content.mapper.TeachplanMapper.updateById
2023-02-27 18:24:30,630 DEBUG [main][MybatisConfiguration.java:128] - addMappedStatement: com.xuecheng.content.mapper.TeachplanMapper.updateById
2023-02-27 18:24:30,631 DEBUG [main][MybatisConfiguration.java:128] - addMappedStatement: com.xuecheng.content.mapper.TeachplanMapper.selectById
2023-02-27 18:24:30,631 DEBUG [main][MybatisConfiguration.java:128] - addMappedStatement: com.xuecheng.content.mapper.TeachplanMapper.selectById
2023-02-27 18:24:30,633 DEBUG [main][MybatisConfiguration.java:128] - addMappedStatement: com.xuecheng.content.mapper.TeachplanMapper.selectBatchIds
2023-02-27 18:24:30,633 DEBUG [main][MybatisConfiguration.java:128] - addMappedStatement: com.xuecheng.content.mapper.TeachplanMapper.selectBatchIds
2023-02-27 18:24:30,635 DEBUG [main][MybatisConfiguration.java:128] - addMappedStatement: com.xuecheng.content.mapper.TeachplanMapper.selectByMap
2023-02-27 18:24:30,635 DEBUG [main][MybatisConfiguration.java:128] - addMappedStatement: com.xuecheng.content.mapper.TeachplanMapper.selectByMap
2023-02-27 18:24:30,638 DEBUG [main][MybatisConfiguration.java:128] - addMappedStatement: com.xuecheng.content.mapper.TeachplanMapper.selectOne
2023-02-27 18:24:30,638 DEBUG [main][MybatisConfiguration.java:128] - addMappedStatement: com.xuecheng.content.mapper.TeachplanMapper.selectOne
2023-02-27 18:24:30,641 DEBUG [main][MybatisConfiguration.java:128] - addMappedStatement: com.xuecheng.content.mapper.TeachplanMapper.selectCount
2023-02-27 18:24:30,641 DEBUG [main][MybatisConfiguration.java:128] - addMappedStatement: com.xuecheng.content.mapper.TeachplanMapper.selectCount
2023-02-27 18:24:30,643 DEBUG [main][MybatisConfiguration.java:128] - addMappedStatement: com.xuecheng.content.mapper.TeachplanMapper.selectMaps
2023-02-27 18:24:30,643 DEBUG [main][MybatisConfiguration.java:128] - addMappedStatement: com.xuecheng.content.mapper.TeachplanMapper.selectMaps
2023-02-27 18:24:30,645 DEBUG [main][MybatisConfiguration.java:128] - addMappedStatement: com.xuecheng.content.mapper.TeachplanMapper.selectMapsPage
2023-02-27 18:24:30,645 DEBUG [main][MybatisConfiguration.java:128] - addMappedStatement: com.xuecheng.content.mapper.TeachplanMapper.selectMapsPage
2023-02-27 18:24:30,647 DEBUG [main][MybatisConfiguration.java:128] - addMappedStatement: com.xuecheng.content.mapper.TeachplanMapper.selectObjs
2023-02-27 18:24:30,647 DEBUG [main][MybatisConfiguration.java:128] - addMappedStatement: com.xuecheng.content.mapper.TeachplanMapper.selectObjs
2023-02-27 18:24:30,650 DEBUG [main][MybatisConfiguration.java:128] - addMappedStatement: com.xuecheng.content.mapper.TeachplanMapper.selectList
2023-02-27 18:24:30,650 DEBUG [main][MybatisConfiguration.java:128] - addMappedStatement: com.xuecheng.content.mapper.TeachplanMapper.selectList
2023-02-27 18:24:30,653 DEBUG [main][MybatisConfiguration.java:128] - addMappedStatement: com.xuecheng.content.mapper.TeachplanMapper.selectPage
2023-02-27 18:24:30,653 DEBUG [main][MybatisConfiguration.java:128] - addMappedStatement: com.xuecheng.content.mapper.TeachplanMapper.selectPage
2023-02-27 18:24:30,665 DEBUG [main][MybatisConfiguration.java:128] - addMappedStatement: com.xuecheng.content.mapper.TeachplanMediaMapper.insert
2023-02-27 18:24:30,665 DEBUG [main][MybatisConfiguration.java:128] - addMappedStatement: com.xuecheng.content.mapper.TeachplanMediaMapper.insert
2023-02-27 18:24:30,668 DEBUG [main][MybatisConfiguration.java:128] - addMappedStatement: com.xuecheng.content.mapper.TeachplanMediaMapper.delete
2023-02-27 18:24:30,668 DEBUG [main][MybatisConfiguration.java:128] - addMappedStatement: com.xuecheng.content.mapper.TeachplanMediaMapper.delete
2023-02-27 18:24:30,670 DEBUG [main][MybatisConfiguration.java:128] - addMappedStatement: com.xuecheng.content.mapper.TeachplanMediaMapper.deleteByMap
2023-02-27 18:24:30,670 DEBUG [main][MybatisConfiguration.java:128] - addMappedStatement: com.xuecheng.content.mapper.TeachplanMediaMapper.deleteByMap
2023-02-27 18:24:30,672 DEBUG [main][MybatisConfiguration.java:128] - addMappedStatement: com.xuecheng.content.mapper.TeachplanMediaMapper.deleteById
2023-02-27 18:24:30,672 DEBUG [main][MybatisConfiguration.java:128] - addMappedStatement: com.xuecheng.content.mapper.TeachplanMediaMapper.deleteById
2023-02-27 18:24:30,673 DEBUG [main][MybatisConfiguration.java:128] - addMappedStatement: com.xuecheng.content.mapper.TeachplanMediaMapper.deleteBatchIds
2023-02-27 18:24:30,673 DEBUG [main][MybatisConfiguration.java:128] - addMappedStatement: com.xuecheng.content.mapper.TeachplanMediaMapper.deleteBatchIds
2023-02-27 18:24:30,675 DEBUG [main][MybatisConfiguration.java:128] - addMappedStatement: com.xuecheng.content.mapper.TeachplanMediaMapper.update
2023-02-27 18:24:30,675 DEBUG [main][MybatisConfiguration.java:128] - addMappedStatement: com.xuecheng.content.mapper.TeachplanMediaMapper.update
2023-02-27 18:24:30,678 DEBUG [main][MybatisConfiguration.java:128] - addMappedStatement: com.xuecheng.content.mapper.TeachplanMediaMapper.updateById
2023-02-27 18:24:30,678 DEBUG [main][MybatisConfiguration.java:128] - addMappedStatement: com.xuecheng.content.mapper.TeachplanMediaMapper.updateById
2023-02-27 18:24:30,678 DEBUG [main][MybatisConfiguration.java:128] - addMappedStatement: com.xuecheng.content.mapper.TeachplanMediaMapper.selectById
2023-02-27 18:24:30,678 DEBUG [main][MybatisConfiguration.java:128] - addMappedStatement: com.xuecheng.content.mapper.TeachplanMediaMapper.selectById
2023-02-27 18:24:30,680 DEBUG [main][MybatisConfiguration.java:128] - addMappedStatement: com.xuecheng.content.mapper.TeachplanMediaMapper.selectBatchIds
2023-02-27 18:24:30,680 DEBUG [main][MybatisConfiguration.java:128] - addMappedStatement: com.xuecheng.content.mapper.TeachplanMediaMapper.selectBatchIds
2023-02-27 18:24:30,681 DEBUG [main][MybatisConfiguration.java:128] - addMappedStatement: com.xuecheng.content.mapper.TeachplanMediaMapper.selectByMap
2023-02-27 18:24:30,681 DEBUG [main][MybatisConfiguration.java:128] - addMappedStatement: com.xuecheng.content.mapper.TeachplanMediaMapper.selectByMap
2023-02-27 18:24:30,683 DEBUG [main][MybatisConfiguration.java:128] - addMappedStatement: com.xuecheng.content.mapper.TeachplanMediaMapper.selectOne
2023-02-27 18:24:30,683 DEBUG [main][MybatisConfiguration.java:128] - addMappedStatement: com.xuecheng.content.mapper.TeachplanMediaMapper.selectOne
2023-02-27 18:24:30,686 DEBUG [main][MybatisConfiguration.java:128] - addMappedStatement: com.xuecheng.content.mapper.TeachplanMediaMapper.selectCount
2023-02-27 18:24:30,686 DEBUG [main][MybatisConfiguration.java:128] - addMappedStatement: com.xuecheng.content.mapper.TeachplanMediaMapper.selectCount
2023-02-27 18:24:30,688 DEBUG [main][MybatisConfiguration.java:128] - addMappedStatement: com.xuecheng.content.mapper.TeachplanMediaMapper.selectMaps
2023-02-27 18:24:30,688 DEBUG [main][MybatisConfiguration.java:128] - addMappedStatement: com.xuecheng.content.mapper.TeachplanMediaMapper.selectMaps
2023-02-27 18:24:30,691 DEBUG [main][MybatisConfiguration.java:128] - addMappedStatement: com.xuecheng.content.mapper.TeachplanMediaMapper.selectMapsPage
2023-02-27 18:24:30,691 DEBUG [main][MybatisConfiguration.java:128] - addMappedStatement: com.xuecheng.content.mapper.TeachplanMediaMapper.selectMapsPage
2023-02-27 18:24:30,693 DEBUG [main][MybatisConfiguration.java:128] - addMappedStatement: com.xuecheng.content.mapper.TeachplanMediaMapper.selectObjs
2023-02-27 18:24:30,693 DEBUG [main][MybatisConfiguration.java:128] - addMappedStatement: com.xuecheng.content.mapper.TeachplanMediaMapper.selectObjs
2023-02-27 18:24:30,695 DEBUG [main][MybatisConfiguration.java:128] - addMappedStatement: com.xuecheng.content.mapper.TeachplanMediaMapper.selectList
2023-02-27 18:24:30,695 DEBUG [main][MybatisConfiguration.java:128] - addMappedStatement: com.xuecheng.content.mapper.TeachplanMediaMapper.selectList
2023-02-27 18:24:30,698 DEBUG [main][MybatisConfiguration.java:128] - addMappedStatement: com.xuecheng.content.mapper.TeachplanMediaMapper.selectPage
2023-02-27 18:24:30,698 DEBUG [main][MybatisConfiguration.java:128] - addMappedStatement: com.xuecheng.content.mapper.TeachplanMediaMapper.selectPage
2023-02-27 18:24:30,718 INFO [main][StartupInfoLogger.java:61] - Started XuechengPlusContentServiceApplicationTests in 2.249 seconds (JVM running for 3.341)
2023-02-27 18:24:30,718 INFO [main][StartupInfoLogger.java:61] - Started XuechengPlusContentServiceApplicationTests in 2.249 seconds (JVM running for 3.341)
2023-02-27 18:24:30,957 DEBUG [main][HikariConfig.java:1066] - HikariPool-1 - configuration:
2023-02-27 18:24:30,957 DEBUG [main][HikariConfig.java:1066] - HikariPool-1 - configuration:
2023-02-27 18:24:30,959 DEBUG [main][HikariConfig.java:1098] - allowPoolSuspension.............false
2023-02-27 18:24:30,959 DEBUG [main][HikariConfig.java:1098] - allowPoolSuspension.............false
2023-02-27 18:24:30,959 DEBUG [main][HikariConfig.java:1098] - autoCommit......................true
2023-02-27 18:24:30,959 DEBUG [main][HikariConfig.java:1098] - autoCommit......................true
2023-02-27 18:24:30,960 DEBUG [main][HikariConfig.java:1098] - catalog.........................none
2023-02-27 18:24:30,960 DEBUG [main][HikariConfig.java:1098] - catalog.........................none
2023-02-27 18:24:30,960 DEBUG [main][HikariConfig.java:1098] - connectionInitSql...............none
2023-02-27 18:24:30,960 DEBUG [main][HikariConfig.java:1098] - connectionInitSql...............none
2023-02-27 18:24:30,961 DEBUG [main][HikariConfig.java:1098] - connectionTestQuery.............none
2023-02-27 18:24:30,961 DEBUG [main][HikariConfig.java:1098] - connectionTestQuery.............none
2023-02-27 18:24:30,961 DEBUG [main][HikariConfig.java:1098] - connectionTimeout...............30000
2023-02-27 18:24:30,961 DEBUG [main][HikariConfig.java:1098] - connectionTimeout...............30000
2023-02-27 18:24:30,962 DEBUG [main][HikariConfig.java:1098] - dataSource......................none
2023-02-27 18:24:30,962 DEBUG [main][HikariConfig.java:1098] - dataSource......................none
2023-02-27 18:24:30,962 DEBUG [main][HikariConfig.java:1098] - dataSourceClassName.............none
2023-02-27 18:24:30,962 DEBUG [main][HikariConfig.java:1098] - dataSourceClassName.............none
2023-02-27 18:24:30,962 DEBUG [main][HikariConfig.java:1098] - dataSourceJNDI..................none
2023-02-27 18:24:30,962 DEBUG [main][HikariConfig.java:1098] - dataSourceJNDI..................none
2023-02-27 18:24:30,962 DEBUG [main][HikariConfig.java:1098] - dataSourceProperties............{password=<masked>}
2023-02-27 18:24:30,962 DEBUG [main][HikariConfig.java:1098] - dataSourceProperties............{password=<masked>}
2023-02-27 18:24:30,963 DEBUG [main][HikariConfig.java:1098] - driverClassName................."com.mysql.cj.jdbc.Driver"
2023-02-27 18:24:30,963 DEBUG [main][HikariConfig.java:1098] - driverClassName................."com.mysql.cj.jdbc.Driver"
2023-02-27 18:24:30,963 DEBUG [main][HikariConfig.java:1098] - exceptionOverrideClassName......none
2023-02-27 18:24:30,963 DEBUG [main][HikariConfig.java:1098] - exceptionOverrideClassName......none
2023-02-27 18:24:30,963 DEBUG [main][HikariConfig.java:1098] - healthCheckProperties...........{}
2023-02-27 18:24:30,963 DEBUG [main][HikariConfig.java:1098] - healthCheckProperties...........{}
2023-02-27 18:24:30,963 DEBUG [main][HikariConfig.java:1098] - healthCheckRegistry.............none
2023-02-27 18:24:30,963 DEBUG [main][HikariConfig.java:1098] - healthCheckRegistry.............none
2023-02-27 18:24:30,964 DEBUG [main][HikariConfig.java:1098] - idleTimeout.....................600000
2023-02-27 18:24:30,964 DEBUG [main][HikariConfig.java:1098] - idleTimeout.....................600000
2023-02-27 18:24:30,964 DEBUG [main][HikariConfig.java:1098] - initializationFailTimeout.......1
2023-02-27 18:24:30,964 DEBUG [main][HikariConfig.java:1098] - initializationFailTimeout.......1
2023-02-27 18:24:30,964 DEBUG [main][HikariConfig.java:1098] - isolateInternalQueries..........false
2023-02-27 18:24:30,964 DEBUG [main][HikariConfig.java:1098] - isolateInternalQueries..........false
2023-02-27 18:24:30,965 DEBUG [main][HikariConfig.java:1098] - jdbcUrl.........................jdbc:mysql://192.168.101.65:3306/xc_content?serverTimeZone=UTC&userUnicode=true&useSSL=false
2023-02-27 18:24:30,965 DEBUG [main][HikariConfig.java:1098] - jdbcUrl.........................jdbc:mysql://192.168.101.65:3306/xc_content?serverTimeZone=UTC&userUnicode=true&useSSL=false
2023-02-27 18:24:30,965 DEBUG [main][HikariConfig.java:1098] - leakDetectionThreshold..........0
2023-02-27 18:24:30,965 DEBUG [main][HikariConfig.java:1098] - leakDetectionThreshold..........0
2023-02-27 18:24:30,965 DEBUG [main][HikariConfig.java:1098] - maxLifetime.....................1800000
2023-02-27 18:24:30,965 DEBUG [main][HikariConfig.java:1098] - maxLifetime.....................1800000
2023-02-27 18:24:30,965 DEBUG [main][HikariConfig.java:1098] - maximumPoolSize.................10
2023-02-27 18:24:30,965 DEBUG [main][HikariConfig.java:1098] - maximumPoolSize.................10
2023-02-27 18:24:30,966 DEBUG [main][HikariConfig.java:1098] - metricRegistry..................none
2023-02-27 18:24:30,966 DEBUG [main][HikariConfig.java:1098] - metricRegistry..................none
2023-02-27 18:24:30,966 DEBUG [main][HikariConfig.java:1098] - metricsTrackerFactory...........none
2023-02-27 18:24:30,966 DEBUG [main][HikariConfig.java:1098] - metricsTrackerFactory...........none
2023-02-27 18:24:30,966 DEBUG [main][HikariConfig.java:1098] - minimumIdle.....................10
2023-02-27 18:24:30,966 DEBUG [main][HikariConfig.java:1098] - minimumIdle.....................10
2023-02-27 18:24:30,967 DEBUG [main][HikariConfig.java:1098] - password........................<masked>
2023-02-27 18:24:30,967 DEBUG [main][HikariConfig.java:1098] - password........................<masked>
2023-02-27 18:24:30,967 DEBUG [main][HikariConfig.java:1098] - poolName........................"HikariPool-1"
2023-02-27 18:24:30,967 DEBUG [main][HikariConfig.java:1098] - poolName........................"HikariPool-1"
2023-02-27 18:24:30,967 DEBUG [main][HikariConfig.java:1098] - readOnly........................false
2023-02-27 18:24:30,967 DEBUG [main][HikariConfig.java:1098] - readOnly........................false
2023-02-27 18:24:30,967 DEBUG [main][HikariConfig.java:1098] - registerMbeans..................false
2023-02-27 18:24:30,967 DEBUG [main][HikariConfig.java:1098] - registerMbeans..................false
2023-02-27 18:24:30,968 DEBUG [main][HikariConfig.java:1098] - scheduledExecutor...............none
2023-02-27 18:24:30,968 DEBUG [main][HikariConfig.java:1098] - scheduledExecutor...............none
2023-02-27 18:24:30,968 DEBUG [main][HikariConfig.java:1098] - schema..........................none
2023-02-27 18:24:30,968 DEBUG [main][HikariConfig.java:1098] - schema..........................none
2023-02-27 18:24:30,968 DEBUG [main][HikariConfig.java:1098] - threadFactory...................internal
2023-02-27 18:24:30,968 DEBUG [main][HikariConfig.java:1098] - threadFactory...................internal
2023-02-27 18:24:30,969 DEBUG [main][HikariConfig.java:1098] - transactionIsolation............default
2023-02-27 18:24:30,969 DEBUG [main][HikariConfig.java:1098] - transactionIsolation............default
2023-02-27 18:24:30,969 DEBUG [main][HikariConfig.java:1098] - username........................"root"
2023-02-27 18:24:30,969 DEBUG [main][HikariConfig.java:1098] - username........................"root"
2023-02-27 18:24:30,970 DEBUG [main][HikariConfig.java:1098] - validationTimeout...............5000
2023-02-27 18:24:30,970 DEBUG [main][HikariConfig.java:1098] - validationTimeout...............5000
2023-02-27 18:24:30,970 INFO [main][HikariDataSource.java:110] - HikariPool-1 - Starting...
2023-02-27 18:24:30,970 INFO [main][HikariDataSource.java:110] - HikariPool-1 - Starting...
2023-02-27 18:24:31,158 DEBUG [main][HikariPool.java:564] - HikariPool-1 - Added connection com.mysql.cj.jdbc.ConnectionImpl@d969452
2023-02-27 18:24:31,158 DEBUG [main][HikariPool.java:564] - HikariPool-1 - Added connection com.mysql.cj.jdbc.ConnectionImpl@d969452
2023-02-27 18:24:31,161 INFO [main][HikariDataSource.java:123] - HikariPool-1 - Start completed.
2023-02-27 18:24:31,161 INFO [main][HikariDataSource.java:123] - HikariPool-1 - Start completed.
2023-02-27 18:24:31,167 DEBUG [main][BaseJdbcLogger.java:137] - ==>  Preparing: SELECT COUNT(*) FROM course_base
2023-02-27 18:24:31,167 DEBUG [main][BaseJdbcLogger.java:137] - ==>  Preparing: SELECT COUNT(*) FROM course_base
2023-02-27 18:24:31,186 DEBUG [main][BaseJdbcLogger.java:137] - ==> Parameters: 
2023-02-27 18:24:31,186 DEBUG [main][BaseJdbcLogger.java:137] - ==> Parameters: 
2023-02-27 18:24:31,206 DEBUG [main][BaseJdbcLogger.java:137] - <==      Total: 1
2023-02-27 18:24:31,206 DEBUG [main][BaseJdbcLogger.java:137] - <==      Total: 1
2023-02-27 18:24:31,214 DEBUG [main][BaseJdbcLogger.java:137] - ==>  Preparing: SELECT id,company_id,company_name,name,users,tags,mt,st,grade,teachmode,description,pic,create_date,change_date,create_people,change_people,audit_status,status FROM course_base LIMIT ?
2023-02-27 18:24:31,214 DEBUG [main][BaseJdbcLogger.java:137] - ==>  Preparing: SELECT id,company_id,company_name,name,users,tags,mt,st,grade,teachmode,description,pic,create_date,change_date,create_people,change_people,audit_status,status FROM course_base LIMIT ?
2023-02-27 18:24:31,215 DEBUG [main][BaseJdbcLogger.java:137] - ==> Parameters: 2(Long)
2023-02-27 18:24:31,215 DEBUG [main][BaseJdbcLogger.java:137] - ==> Parameters: 2(Long)
2023-02-27 18:24:31,222 DEBUG [main][BaseJdbcLogger.java:137] - <==      Total: 2
2023-02-27 18:24:31,222 DEBUG [main][BaseJdbcLogger.java:137] - <==      Total: 2
2023-02-27 18:24:31,238 INFO [SpringContextShutdownHook][HikariDataSource.java:350] - HikariPool-1 - Shutdown initiated...
2023-02-27 18:24:31,238 INFO [SpringContextShutdownHook][HikariDataSource.java:350] - HikariPool-1 - Shutdown initiated...
2023-02-27 18:24:31,238 DEBUG [SpringContextShutdownHook][HikariPool.java:421] - HikariPool-1 - Before shutdown stats (total=1, active=0, idle=1, waiting=0)
2023-02-27 18:24:31,238 DEBUG [SpringContextShutdownHook][HikariPool.java:421] - HikariPool-1 - Before shutdown stats (total=1, active=0, idle=1, waiting=0)
2023-02-27 18:24:31,239 DEBUG [HikariPool-1 connection closer][PoolBase.java:134] - HikariPool-1 - Closing connection com.mysql.cj.jdbc.ConnectionImpl@d969452: (connection evicted)
2023-02-27 18:24:31,239 DEBUG [HikariPool-1 connection closer][PoolBase.java:134] - HikariPool-1 - Closing connection com.mysql.cj.jdbc.ConnectionImpl@d969452: (connection evicted)
2023-02-27 18:24:31,244 DEBUG [SpringContextShutdownHook][HikariPool.java:421] - HikariPool-1 - After shutdown stats (total=0, active=0, idle=0, waiting=0)
2023-02-27 18:24:31,244 DEBUG [SpringContextShutdownHook][HikariPool.java:421] - HikariPool-1 - After shutdown stats (total=0, active=0, idle=0, waiting=0)
2023-02-27 18:24:31,244 INFO [SpringContextShutdownHook][HikariDataSource.java:352] - HikariPool-1 - Shutdown completed.
2023-02-27 18:24:31,244 INFO [SpringContextShutdownHook][HikariDataSource.java:352] - HikariPool-1 - Shutdown completed.
