2023-03-07 11:34:07,936 ERROR [main][LoggingFailureAnalysisReporter.java:40] - 

***************************
APPLICATION FAILED TO START
***************************

Description:

Web server failed to start. Port 63110 was already in use.

Action:

Identify and stop the process that's listening on port 63110 or configure this application to listen on another port.

2023-03-07 11:34:13,116 ERROR [main][LoggingFailureAnalysisReporter.java:40] - 

***************************
APPLICATION FAILED TO START
***************************

Description:

Web server failed to start. Port 63040 was already in use.

Action:

Identify and stop the process that's listening on port 63040 or configure this application to listen on another port.

2023-03-07 11:36:40,554 ERROR [main][LoggingFailureAnalysisReporter.java:40] - 

***************************
APPLICATION FAILED TO START
***************************

Description:

Web server failed to start. Port 63110 was already in use.

Action:

Identify and stop the process that's listening on port 63110 or configure this application to listen on another port.

2023-03-07 11:36:42,481 ERROR [main][LoggingFailureAnalysisReporter.java:40] - 

***************************
APPLICATION FAILED TO START
***************************

Description:

Web server failed to start. Port 63040 was already in use.

Action:

Identify and stop the process that's listening on port 63040 or configure this application to listen on another port.

2023-03-07 11:38:23,908 ERROR [main][LoggingFailureAnalysisReporter.java:40] - 

***************************
APPLICATION FAILED TO START
***************************

Description:

Web server failed to start. Port 63110 was already in use.

Action:

Identify and stop the process that's listening on port 63110 or configure this application to listen on another port.

